[0.012s] Invoking command in '/home/luricl/Documents/UnB/PIBIC/code/lab_samples_logistics/mission/build/rome_bt': CMAKE_PREFIX_PATH=${CMAKE_PREFIX_PATH}:/home/luricl/Documents/UnB/PIBIC/code/lab_samples_logistics/mission/install/rome_sim:/opt/ros/humble /usr/bin/cmake --build /home/luricl/Documents/UnB/PIBIC/code/lab_samples_logistics/mission/build/rome_bt -- -j12 -l12
[0.049s] [35m[1mConsolidate compiler generated dependencies of target bt_executor[0m
[0.065s] [ 50%] [32mBuilding CXX object CMakeFiles/bt_executor.dir/src/bt_executor.cpp.o[0m
[7.965s] [100%] [32m[1mLinking CXX executable bt_executor[0m
[8.676s] [100%] Built target bt_executor
[8.683s] Invoked command in '/home/luricl/Documents/UnB/PIBIC/code/lab_samples_logistics/mission/build/rome_bt' returned '0': CMAKE_PREFIX_PATH=${CMAKE_PREFIX_PATH}:/home/luricl/Documents/UnB/PIBIC/code/lab_samples_logistics/mission/install/rome_sim:/opt/ros/humble /usr/bin/cmake --build /home/luricl/Documents/UnB/PIBIC/code/lab_samples_logistics/mission/build/rome_bt -- -j12 -l12
[8.708s] Invoking command in '/home/luricl/Documents/UnB/PIBIC/code/lab_samples_logistics/mission/build/rome_bt': CMAKE_PREFIX_PATH=${CMAKE_PREFIX_PATH}:/home/luricl/Documents/UnB/PIBIC/code/lab_samples_logistics/mission/install/rome_sim:/opt/ros/humble /usr/bin/cmake --install /home/luricl/Documents/UnB/PIBIC/code/lab_samples_logistics/mission/build/rome_bt
[8.713s] -- Install configuration: ""
[8.713s] -- Up-to-date: /home/luricl/Documents/UnB/PIBIC/code/lab_samples_logistics/mission/install/rome_bt/share/rome_bt/behavior_trees
[8.713s] -- Up-to-date: /home/luricl/Documents/UnB/PIBIC/code/lab_samples_logistics/mission/install/rome_bt/share/rome_bt/behavior_trees/lab_samples_bt.xml
[8.713s] -- Up-to-date: /home/luricl/Documents/UnB/PIBIC/code/lab_samples_logistics/mission/install/rome_bt/share/rome_bt/behavior_trees/plugins.txt
[8.713s] -- Up-to-date: /home/luricl/Documents/UnB/PIBIC/code/lab_samples_logistics/mission/install/rome_bt/share/rome_bt/behavior_trees/bt_example1.xml
[8.713s] -- Up-to-date: /home/luricl/Documents/UnB/PIBIC/code/lab_samples_logistics/mission/install/rome_bt/share/rome_bt/behavior_trees/bt_example3.xml
[8.713s] -- Up-to-date: /home/luricl/Documents/UnB/PIBIC/code/lab_samples_logistics/mission/install/rome_bt/share/rome_bt/behavior_trees/bt_example2.xml
[8.713s] -- Up-to-date: /home/luricl/Documents/UnB/PIBIC/code/lab_samples_logistics/mission/install/rome_bt/share/rome_bt/launch
[8.713s] -- Up-to-date: /home/luricl/Documents/UnB/PIBIC/code/lab_samples_logistics/mission/install/rome_bt/share/rome_bt/launch/execute_bt.launch.py
[8.713s] -- Installing: /home/luricl/Documents/UnB/PIBIC/code/lab_samples_logistics/mission/install/rome_bt/lib/rome_bt/bt_executor
[8.717s] -- Set runtime path of "/home/luricl/Documents/UnB/PIBIC/code/lab_samples_logistics/mission/install/rome_bt/lib/rome_bt/bt_executor" to ""
[8.717s] -- Up-to-date: /home/luricl/Documents/UnB/PIBIC/code/lab_samples_logistics/mission/install/rome_bt/share/ament_index/resource_index/package_run_dependencies/rome_bt
[8.717s] -- Up-to-date: /home/luricl/Documents/UnB/PIBIC/code/lab_samples_logistics/mission/install/rome_bt/share/ament_index/resource_index/parent_prefix_path/rome_bt
[8.717s] -- Up-to-date: /home/luricl/Documents/UnB/PIBIC/code/lab_samples_logistics/mission/install/rome_bt/share/rome_bt/environment/ament_prefix_path.sh
[8.717s] -- Up-to-date: /home/luricl/Documents/UnB/PIBIC/code/lab_samples_logistics/mission/install/rome_bt/share/rome_bt/environment/ament_prefix_path.dsv
[8.717s] -- Up-to-date: /home/luricl/Documents/UnB/PIBIC/code/lab_samples_logistics/mission/install/rome_bt/share/rome_bt/environment/path.sh
[8.717s] -- Up-to-date: /home/luricl/Documents/UnB/PIBIC/code/lab_samples_logistics/mission/install/rome_bt/share/rome_bt/environment/path.dsv
[8.717s] -- Up-to-date: /home/luricl/Documents/UnB/PIBIC/code/lab_samples_logistics/mission/install/rome_bt/share/rome_bt/local_setup.bash
[8.717s] -- Up-to-date: /home/luricl/Documents/UnB/PIBIC/code/lab_samples_logistics/mission/install/rome_bt/share/rome_bt/local_setup.sh
[8.717s] -- Up-to-date: /home/luricl/Documents/UnB/PIBIC/code/lab_samples_logistics/mission/install/rome_bt/share/rome_bt/local_setup.zsh
[8.717s] -- Up-to-date: /home/luricl/Documents/UnB/PIBIC/code/lab_samples_logistics/mission/install/rome_bt/share/rome_bt/local_setup.dsv
[8.717s] -- Installing: /home/luricl/Documents/UnB/PIBIC/code/lab_samples_logistics/mission/install/rome_bt/share/rome_bt/package.dsv
[8.718s] -- Up-to-date: /home/luricl/Documents/UnB/PIBIC/code/lab_samples_logistics/mission/install/rome_bt/share/ament_index/resource_index/packages/rome_bt
[8.718s] -- Up-to-date: /home/luricl/Documents/UnB/PIBIC/code/lab_samples_logistics/mission/install/rome_bt/share/rome_bt/cmake/rome_btConfig.cmake
[8.718s] -- Up-to-date: /home/luricl/Documents/UnB/PIBIC/code/lab_samples_logistics/mission/install/rome_bt/share/rome_bt/cmake/rome_btConfig-version.cmake
[8.718s] -- Up-to-date: /home/luricl/Documents/UnB/PIBIC/code/lab_samples_logistics/mission/install/rome_bt/share/rome_bt/package.xml
[8.719s] Invoked command in '/home/luricl/Documents/UnB/PIBIC/code/lab_samples_logistics/mission/build/rome_bt' returned '0': CMAKE_PREFIX_PATH=${CMAKE_PREFIX_PATH}:/home/luricl/Documents/UnB/PIBIC/code/lab_samples_logistics/mission/install/rome_sim:/opt/ros/humble /usr/bin/cmake --install /home/luricl/Documents/UnB/PIBIC/code/lab_samples_logistics/mission/build/rome_bt
