[0.437s] Invoking command in '/home/luricl/Documents/UnB/PIBIC/code/lab_samples_logistics/mission/rome_sim': PYTHONPATH=/home/luricl/Documents/UnB/PIBIC/code/lab_samples_logistics/mission/build/rome_sim/prefix_override:/usr/local/lib/python3.10/dist-packages/colcon_core/task/python/colcon_distutils_commands:/home/luricl/Documents/UnB/PIBIC/code/lab_samples_logistics/mission/install/rome_sim/lib/python3.10/site-packages:${PYTHONPATH} /usr/bin/python3 -W ignore:setup.py install is deprecated setup.py egg_info --egg-base ../build/rome_sim build --build-base /home/luricl/Documents/UnB/PIBIC/code/lab_samples_logistics/mission/build/rome_sim/build install --record /home/luricl/Documents/UnB/PIBIC/code/lab_samples_logistics/mission/build/rome_sim/install.log --single-version-externally-managed install_data
[0.588s] running egg_info
[0.588s] creating ../build/rome_sim/rome_sim.egg-info
[0.588s] writing ../build/rome_sim/rome_sim.egg-info/PKG-INFO
[0.588s] writing dependency_links to ../build/rome_sim/rome_sim.egg-info/dependency_links.txt
[0.588s] writing entry points to ../build/rome_sim/rome_sim.egg-info/entry_points.txt
[0.588s] writing requirements to ../build/rome_sim/rome_sim.egg-info/requires.txt
[0.588s] writing top-level names to ../build/rome_sim/rome_sim.egg-info/top_level.txt
[0.588s] writing manifest file '../build/rome_sim/rome_sim.egg-info/SOURCES.txt'
[0.589s] reading manifest file '../build/rome_sim/rome_sim.egg-info/SOURCES.txt'
[0.590s] writing manifest file '../build/rome_sim/rome_sim.egg-info/SOURCES.txt'
[0.590s] running build
[0.590s] running build_py
[0.590s] creating /home/luricl/Documents/UnB/PIBIC/code/lab_samples_logistics/mission/build/rome_sim/build
[0.590s] creating /home/luricl/Documents/UnB/PIBIC/code/lab_samples_logistics/mission/build/rome_sim/build/lib
[0.590s] creating /home/luricl/Documents/UnB/PIBIC/code/lab_samples_logistics/mission/build/rome_sim/build/lib/rome_sim
[0.590s] copying rome_sim/__init__.py -> /home/luricl/Documents/UnB/PIBIC/code/lab_samples_logistics/mission/build/rome_sim/build/lib/rome_sim
[0.590s] running install
[0.590s] running install_lib
[0.591s] creating /home/luricl/Documents/UnB/PIBIC/code/lab_samples_logistics/mission/install/rome_sim/lib/python3.10/site-packages/rome_sim
[0.591s] copying /home/luricl/Documents/UnB/PIBIC/code/lab_samples_logistics/mission/build/rome_sim/build/lib/rome_sim/__init__.py -> /home/luricl/Documents/UnB/PIBIC/code/lab_samples_logistics/mission/install/rome_sim/lib/python3.10/site-packages/rome_sim
[0.591s] byte-compiling /home/luricl/Documents/UnB/PIBIC/code/lab_samples_logistics/mission/install/rome_sim/lib/python3.10/site-packages/rome_sim/__init__.py to __init__.cpython-310.pyc
[0.591s] running install_data
[0.591s] creating /home/luricl/Documents/UnB/PIBIC/code/lab_samples_logistics/mission/install/rome_sim/share/ament_index
[0.591s] creating /home/luricl/Documents/UnB/PIBIC/code/lab_samples_logistics/mission/install/rome_sim/share/ament_index/resource_index
[0.591s] creating /home/luricl/Documents/UnB/PIBIC/code/lab_samples_logistics/mission/install/rome_sim/share/ament_index/resource_index/packages
[0.591s] copying resource/rome_sim -> /home/luricl/Documents/UnB/PIBIC/code/lab_samples_logistics/mission/install/rome_sim/share/ament_index/resource_index/packages
[0.591s] copying package.xml -> /home/luricl/Documents/UnB/PIBIC/code/lab_samples_logistics/mission/install/rome_sim/share/rome_sim
[0.591s] copying launch/tb4_sim_bringup.launch.py -> /home/luricl/Documents/UnB/PIBIC/code/lab_samples_logistics/mission/install/rome_sim/share/rome_sim
[0.591s] creating /home/luricl/Documents/UnB/PIBIC/code/lab_samples_logistics/mission/install/rome_sim/share/rome_sim/params
[0.591s] copying params/nav2_params.yaml -> /home/luricl/Documents/UnB/PIBIC/code/lab_samples_logistics/mission/install/rome_sim/share/rome_sim/params/
[0.591s] creating /home/luricl/Documents/UnB/PIBIC/code/lab_samples_logistics/mission/install/rome_sim/share/rome_sim/maps
[0.591s] copying maps/warehouse.yaml -> /home/luricl/Documents/UnB/PIBIC/code/lab_samples_logistics/mission/install/rome_sim/share/rome_sim/maps/
[0.592s] copying maps/warehouse.pgm -> /home/luricl/Documents/UnB/PIBIC/code/lab_samples_logistics/mission/install/rome_sim/share/rome_sim/maps/
[0.594s] running install_egg_info
[0.595s] Copying ../build/rome_sim/rome_sim.egg-info to /home/luricl/Documents/UnB/PIBIC/code/lab_samples_logistics/mission/install/rome_sim/lib/python3.10/site-packages/rome_sim-0.0.0-py3.10.egg-info
[0.595s] running install_scripts
[0.610s] writing list of installed files to '/home/luricl/Documents/UnB/PIBIC/code/lab_samples_logistics/mission/build/rome_sim/install.log'
[0.630s] Invoked command in '/home/luricl/Documents/UnB/PIBIC/code/lab_samples_logistics/mission/rome_sim' returned '0': PYTHONPATH=/home/luricl/Documents/UnB/PIBIC/code/lab_samples_logistics/mission/build/rome_sim/prefix_override:/usr/local/lib/python3.10/dist-packages/colcon_core/task/python/colcon_distutils_commands:/home/luricl/Documents/UnB/PIBIC/code/lab_samples_logistics/mission/install/rome_sim/lib/python3.10/site-packages:${PYTHONPATH} /usr/bin/python3 -W ignore:setup.py install is deprecated setup.py egg_info --egg-base ../build/rome_sim build --build-base /home/luricl/Documents/UnB/PIBIC/code/lab_samples_logistics/mission/build/rome_sim/build install --record /home/luricl/Documents/UnB/PIBIC/code/lab_samples_logistics/mission/build/rome_sim/install.log --single-version-externally-managed install_data
