[01m[K/home/luricl/Documents/UnB/PIBIC/code/lab_samples_logistics/mission/rome_bt/src/bt_executor.cpp:[m[K In member function ‘[01m[Kvoid BTExecutor::create_behavior_tree()[m[K’:
[01m[K/home/luricl/Documents/UnB/PIBIC/code/lab_samples_logistics/mission/rome_bt/src/bt_executor.cpp:76:21:[m[K [01;31m[Kerror: [m[Kredeclaration of ‘[01m[KBT::NodeBuilder builder[m[K’
   76 |     BT::NodeBuilder [01;31m[Kbuilder[m[K = [=](const std::string &name, const BT::NodeConfiguration &config){
      |                     [01;31m[K^~~~~~~[m[K
[01m[K/home/luricl/Documents/UnB/PIBIC/code/lab_samples_logistics/mission/rome_bt/src/bt_executor.cpp:71:21:[m[K [01;36m[Knote: [m[K‘[01m[KBT::NodeBuilder builder[m[K’ previously declared here
   71 |     BT::NodeBuilder [01;36m[Kbuilder[m[K = [=](const std::string &name, const BT::NodeConfiguration &config){
      |                     [01;36m[K^~~~~~~[m[K
[01m[K/home/luricl/Documents/UnB/PIBIC/code/lab_samples_logistics/mission/rome_bt/src/bt_executor.cpp:81:21:[m[K [01;31m[Kerror: [m[Kredeclaration of ‘[01m[KBT::NodeBuilder builder[m[K’
   81 |     BT::NodeBuilder [01;31m[Kbuilder[m[K = [=](const std::string &name, const BT::NodeConfiguration &config){
      |                     [01;31m[K^~~~~~~[m[K
[01m[K/home/luricl/Documents/UnB/PIBIC/code/lab_samples_logistics/mission/rome_bt/src/bt_executor.cpp:71:21:[m[K [01;36m[Knote: [m[K‘[01m[KBT::NodeBuilder builder[m[K’ previously declared here
   71 |     BT::NodeBuilder [01;36m[Kbuilder[m[K = [=](const std::string &name, const BT::NodeConfiguration &config){
      |                     [01;36m[K^~~~~~~[m[K
[01m[K/home/luricl/Documents/UnB/PIBIC/code/lab_samples_logistics/mission/rome_bt/src/bt_executor.cpp:86:21:[m[K [01;31m[Kerror: [m[Kredeclaration of ‘[01m[KBT::NodeBuilder builder[m[K’
   86 |     BT::NodeBuilder [01;31m[Kbuilder[m[K = [=](const std::string &name, const BT::NodeConfiguration &config){
      |                     [01;31m[K^~~~~~~[m[K
[01m[K/home/luricl/Documents/UnB/PIBIC/code/lab_samples_logistics/mission/rome_bt/src/bt_executor.cpp:71:21:[m[K [01;36m[Knote: [m[K‘[01m[KBT::NodeBuilder builder[m[K’ previously declared here
   71 |     BT::NodeBuilder [01;36m[Kbuilder[m[K = [=](const std::string &name, const BT::NodeConfiguration &config){
      |                     [01;36m[K^~~~~~~[m[K
[01m[K/home/luricl/Documents/UnB/PIBIC/code/lab_samples_logistics/mission/rome_bt/src/bt_executor.cpp:91:21:[m[K [01;31m[Kerror: [m[Kredeclaration of ‘[01m[KBT::NodeBuilder builder[m[K’
   91 |     BT::NodeBuilder [01;31m[Kbuilder[m[K = [=](const std::string &name, const BT::NodeConfiguration &config){
      |                     [01;31m[K^~~~~~~[m[K
[01m[K/home/luricl/Documents/UnB/PIBIC/code/lab_samples_logistics/mission/rome_bt/src/bt_executor.cpp:71:21:[m[K [01;36m[Knote: [m[K‘[01m[KBT::NodeBuilder builder[m[K’ previously declared here
   71 |     BT::NodeBuilder [01;36m[Kbuilder[m[K = [=](const std::string &name, const BT::NodeConfiguration &config){
      |                     [01;36m[K^~~~~~~[m[K
[01m[K/home/luricl/Documents/UnB/PIBIC/code/lab_samples_logistics/mission/rome_bt/src/bt_executor.cpp:96:21:[m[K [01;31m[Kerror: [m[Kredeclaration of ‘[01m[KBT::NodeBuilder builder[m[K’
   96 |     BT::NodeBuilder [01;31m[Kbuilder[m[K = [=](const std::string &name, const BT::NodeConfiguration &config){
      |                     [01;31m[K^~~~~~~[m[K
[01m[K/home/luricl/Documents/UnB/PIBIC/code/lab_samples_logistics/mission/rome_bt/src/bt_executor.cpp:71:21:[m[K [01;36m[Knote: [m[K‘[01m[KBT::NodeBuilder builder[m[K’ previously declared here
   71 |     BT::NodeBuilder [01;36m[Kbuilder[m[K = [=](const std::string &name, const BT::NodeConfiguration &config){
      |                     [01;36m[K^~~~~~~[m[K
[01m[K/home/luricl/Documents/UnB/PIBIC/code/lab_samples_logistics/mission/rome_bt/src/bt_executor.cpp:101:21:[m[K [01;31m[Kerror: [m[Kredeclaration of ‘[01m[KBT::NodeBuilder builder[m[K’
  101 |     BT::NodeBuilder [01;31m[Kbuilder[m[K = [=](const std::string &name, const BT::NodeConfiguration &config){
      |                     [01;31m[K^~~~~~~[m[K
[01m[K/home/luricl/Documents/UnB/PIBIC/code/lab_samples_logistics/mission/rome_bt/src/bt_executor.cpp:71:21:[m[K [01;36m[Knote: [m[K‘[01m[KBT::NodeBuilder builder[m[K’ previously declared here
   71 |     BT::NodeBuilder [01;36m[Kbuilder[m[K = [=](const std::string &name, const BT::NodeConfiguration &config){
      |                     [01;36m[K^~~~~~~[m[K
gmake[2]: *** [CMakeFiles/bt_executor.dir/build.make:76: CMakeFiles/bt_executor.dir/src/bt_executor.cpp.o] Error 1
gmake[1]: *** [CMakeFiles/Makefile2:137: CMakeFiles/bt_executor.dir/all] Error 2
gmake: *** [Makefile:146: all] Error 2
