[0.090s] DEBUG:colcon:Command line arguments: ['/usr/local/bin/colcon', 'build']
[0.090s] DEBUG:colcon:Parsed command line arguments: Namespace(log_base=None, log_level=None, verb_name='build', build_base='build', install_base='install', merge_install=False, symlink_install=False, test_result_base=None, continue_on_error=False, executor='parallel', parallel_workers=12, event_handlers=None, ignore_user_meta=False, metas=['./colcon.meta'], base_paths=['.'], packages_ignore=None, packages_ignore_regex=None, paths=None, packages_up_to=None, packages_up_to_regex=None, packages_above=None, packages_above_and_dependencies=None, packages_above_depth=None, packages_select_by_dep=None, packages_skip_by_dep=None, packages_skip_up_to=None, packages_select_build_failed=False, packages_skip_build_finished=False, packages_select_test_failures=False, packages_skip_test_passed=False, packages_select=None, packages_skip=None, packages_select_regex=None, packages_skip_regex=None, packages_start=None, packages_end=None, cmake_args=None, cmake_target=None, cmake_target_skip_unavailable=False, cmake_clean_cache=False, cmake_clean_first=False, cmake_force_configure=False, ament_cmake_args=None, catkin_cmake_args=None, catkin_skip_building_tests=False, verb_parser=<colcon_defaults.argument_parser.defaults.DefaultArgumentsDecorator object at 0x753e20dd07c0>, verb_extension=<colcon_core.verb.build.BuildVerb object at 0x753e20dd0280>, main=<bound method BuildVerb.main of <colcon_core.verb.build.BuildVerb object at 0x753e20dd0280>>)
[0.229s] Level 1:colcon.colcon_core.package_discovery:discover_packages(colcon_meta) check parameters
[0.229s] Level 1:colcon.colcon_core.package_discovery:discover_packages(recursive) check parameters
[0.229s] Level 1:colcon.colcon_core.package_discovery:discover_packages(ignore) check parameters
[0.229s] Level 1:colcon.colcon_core.package_discovery:discover_packages(path) check parameters
[0.229s] Level 1:colcon.colcon_core.package_discovery:discover_packages(colcon_meta) discover
[0.229s] Level 1:colcon.colcon_core.package_discovery:discover_packages(recursive) discover
[0.229s] INFO:colcon.colcon_core.package_discovery:Crawling recursively for packages in '/home/luricl/Documents/UnB/PIBIC/code/lab_samples_logistics/mission'
[0.229s] Level 1:colcon.colcon_core.package_identification:_identify(.) by extensions ['ignore', 'ignore_ament_install']
[0.229s] Level 1:colcon.colcon_core.package_identification:_identify(.) by extension 'ignore'
[0.229s] Level 1:colcon.colcon_core.package_identification:_identify(.) by extension 'ignore_ament_install'
[0.229s] Level 1:colcon.colcon_core.package_identification:_identify(.) by extensions ['colcon_pkg']
[0.229s] Level 1:colcon.colcon_core.package_identification:_identify(.) by extension 'colcon_pkg'
[0.229s] Level 1:colcon.colcon_core.package_identification:_identify(.) by extensions ['colcon_meta']
[0.229s] Level 1:colcon.colcon_core.package_identification:_identify(.) by extension 'colcon_meta'
[0.229s] Level 1:colcon.colcon_core.package_identification:_identify(.) by extensions ['ros']
[0.229s] Level 1:colcon.colcon_core.package_identification:_identify(.) by extension 'ros'
[0.236s] Level 1:colcon.colcon_core.package_identification:_identify(.) by extensions ['cmake', 'python']
[0.236s] Level 1:colcon.colcon_core.package_identification:_identify(.) by extension 'cmake'
[0.237s] Level 1:colcon.colcon_core.package_identification:_identify(.) by extension 'python'
[0.237s] Level 1:colcon.colcon_core.package_identification:_identify(.) by extensions ['python_setup_py']
[0.237s] Level 1:colcon.colcon_core.package_identification:_identify(.) by extension 'python_setup_py'
[0.237s] Level 1:colcon.colcon_core.package_identification:_identify(build) by extensions ['ignore', 'ignore_ament_install']
[0.237s] Level 1:colcon.colcon_core.package_identification:_identify(build) by extension 'ignore'
[0.237s] Level 1:colcon.colcon_core.package_identification:_identify(build) ignored
[0.237s] Level 1:colcon.colcon_core.package_identification:_identify(install) by extensions ['ignore', 'ignore_ament_install']
[0.237s] Level 1:colcon.colcon_core.package_identification:_identify(install) by extension 'ignore'
[0.237s] Level 1:colcon.colcon_core.package_identification:_identify(install) ignored
[0.237s] Level 1:colcon.colcon_core.package_identification:_identify(log) by extensions ['ignore', 'ignore_ament_install']
[0.237s] Level 1:colcon.colcon_core.package_identification:_identify(log) by extension 'ignore'
[0.237s] Level 1:colcon.colcon_core.package_identification:_identify(log) ignored
[0.237s] Level 1:colcon.colcon_core.package_identification:_identify(rome_bt) by extensions ['ignore', 'ignore_ament_install']
[0.237s] Level 1:colcon.colcon_core.package_identification:_identify(rome_bt) by extension 'ignore'
[0.237s] Level 1:colcon.colcon_core.package_identification:_identify(rome_bt) by extension 'ignore_ament_install'
[0.237s] Level 1:colcon.colcon_core.package_identification:_identify(rome_bt) by extensions ['colcon_pkg']
[0.237s] Level 1:colcon.colcon_core.package_identification:_identify(rome_bt) by extension 'colcon_pkg'
[0.237s] Level 1:colcon.colcon_core.package_identification:_identify(rome_bt) by extensions ['colcon_meta']
[0.237s] Level 1:colcon.colcon_core.package_identification:_identify(rome_bt) by extension 'colcon_meta'
[0.237s] Level 1:colcon.colcon_core.package_identification:_identify(rome_bt) by extensions ['ros']
[0.237s] Level 1:colcon.colcon_core.package_identification:_identify(rome_bt) by extension 'ros'
[0.239s] DEBUG:colcon.colcon_core.package_identification:Package 'rome_bt' with type 'ros.ament_cmake' and name 'rome_bt'
[0.239s] Level 1:colcon.colcon_core.package_identification:_identify(rome_sim) by extensions ['ignore', 'ignore_ament_install']
[0.239s] Level 1:colcon.colcon_core.package_identification:_identify(rome_sim) by extension 'ignore'
[0.239s] Level 1:colcon.colcon_core.package_identification:_identify(rome_sim) by extension 'ignore_ament_install'
[0.240s] Level 1:colcon.colcon_core.package_identification:_identify(rome_sim) by extensions ['colcon_pkg']
[0.240s] Level 1:colcon.colcon_core.package_identification:_identify(rome_sim) by extension 'colcon_pkg'
[0.240s] Level 1:colcon.colcon_core.package_identification:_identify(rome_sim) by extensions ['colcon_meta']
[0.240s] Level 1:colcon.colcon_core.package_identification:_identify(rome_sim) by extension 'colcon_meta'
[0.240s] Level 1:colcon.colcon_core.package_identification:_identify(rome_sim) by extensions ['ros']
[0.240s] Level 1:colcon.colcon_core.package_identification:_identify(rome_sim) by extension 'ros'
[0.240s] DEBUG:colcon.colcon_core.package_identification:Package 'rome_sim' with type 'ros.ament_python' and name 'rome_sim'
[0.240s] Level 1:colcon.colcon_core.package_discovery:discover_packages(recursive) using defaults
[0.240s] Level 1:colcon.colcon_core.package_discovery:discover_packages(ignore) discover
[0.240s] Level 1:colcon.colcon_core.package_discovery:discover_packages(ignore) using defaults
[0.240s] Level 1:colcon.colcon_core.package_discovery:discover_packages(path) discover
[0.240s] Level 1:colcon.colcon_core.package_discovery:discover_packages(path) using defaults
[0.261s] Level 5:colcon.colcon_core.verb:set package 'rome_bt' build argument 'cmake_args' from command line to 'None'
[0.261s] Level 5:colcon.colcon_core.verb:set package 'rome_bt' build argument 'cmake_target' from command line to 'None'
[0.261s] Level 5:colcon.colcon_core.verb:set package 'rome_bt' build argument 'cmake_target_skip_unavailable' from command line to 'False'
[0.261s] Level 5:colcon.colcon_core.verb:set package 'rome_bt' build argument 'cmake_clean_cache' from command line to 'False'
[0.261s] Level 5:colcon.colcon_core.verb:set package 'rome_bt' build argument 'cmake_clean_first' from command line to 'False'
[0.261s] Level 5:colcon.colcon_core.verb:set package 'rome_bt' build argument 'cmake_force_configure' from command line to 'False'
[0.261s] Level 5:colcon.colcon_core.verb:set package 'rome_bt' build argument 'ament_cmake_args' from command line to 'None'
[0.261s] Level 5:colcon.colcon_core.verb:set package 'rome_bt' build argument 'catkin_cmake_args' from command line to 'None'
[0.261s] Level 5:colcon.colcon_core.verb:set package 'rome_bt' build argument 'catkin_skip_building_tests' from command line to 'False'
[0.261s] DEBUG:colcon.colcon_core.verb:Building package 'rome_bt' with the following arguments: {'ament_cmake_args': None, 'build_base': '/home/luricl/Documents/UnB/PIBIC/code/lab_samples_logistics/mission/build/rome_bt', 'catkin_cmake_args': None, 'catkin_skip_building_tests': False, 'cmake_args': None, 'cmake_clean_cache': False, 'cmake_clean_first': False, 'cmake_force_configure': False, 'cmake_target': None, 'cmake_target_skip_unavailable': False, 'install_base': '/home/luricl/Documents/UnB/PIBIC/code/lab_samples_logistics/mission/install/rome_bt', 'merge_install': False, 'path': '/home/luricl/Documents/UnB/PIBIC/code/lab_samples_logistics/mission/rome_bt', 'symlink_install': False, 'test_result_base': None}
[0.261s] Level 5:colcon.colcon_core.verb:set package 'rome_sim' build argument 'cmake_args' from command line to 'None'
[0.261s] Level 5:colcon.colcon_core.verb:set package 'rome_sim' build argument 'cmake_target' from command line to 'None'
[0.261s] Level 5:colcon.colcon_core.verb:set package 'rome_sim' build argument 'cmake_target_skip_unavailable' from command line to 'False'
[0.261s] Level 5:colcon.colcon_core.verb:set package 'rome_sim' build argument 'cmake_clean_cache' from command line to 'False'
[0.261s] Level 5:colcon.colcon_core.verb:set package 'rome_sim' build argument 'cmake_clean_first' from command line to 'False'
[0.261s] Level 5:colcon.colcon_core.verb:set package 'rome_sim' build argument 'cmake_force_configure' from command line to 'False'
[0.261s] Level 5:colcon.colcon_core.verb:set package 'rome_sim' build argument 'ament_cmake_args' from command line to 'None'
[0.261s] Level 5:colcon.colcon_core.verb:set package 'rome_sim' build argument 'catkin_cmake_args' from command line to 'None'
[0.261s] Level 5:colcon.colcon_core.verb:set package 'rome_sim' build argument 'catkin_skip_building_tests' from command line to 'False'
[0.261s] DEBUG:colcon.colcon_core.verb:Building package 'rome_sim' with the following arguments: {'ament_cmake_args': None, 'build_base': '/home/luricl/Documents/UnB/PIBIC/code/lab_samples_logistics/mission/build/rome_sim', 'catkin_cmake_args': None, 'catkin_skip_building_tests': False, 'cmake_args': None, 'cmake_clean_cache': False, 'cmake_clean_first': False, 'cmake_force_configure': False, 'cmake_target': None, 'cmake_target_skip_unavailable': False, 'install_base': '/home/luricl/Documents/UnB/PIBIC/code/lab_samples_logistics/mission/install/rome_sim', 'merge_install': False, 'path': '/home/luricl/Documents/UnB/PIBIC/code/lab_samples_logistics/mission/rome_sim', 'symlink_install': False, 'test_result_base': None}
[0.261s] INFO:colcon.colcon_core.executor:Executing jobs using 'parallel' executor
[0.262s] DEBUG:colcon.colcon_parallel_executor.executor.parallel:run_until_complete
[0.262s] INFO:colcon.colcon_ros.task.ament_cmake.build:Building ROS package in '/home/luricl/Documents/UnB/PIBIC/code/lab_samples_logistics/mission/rome_bt' with build type 'ament_cmake'
[0.262s] INFO:colcon.colcon_cmake.task.cmake.build:Building CMake package in '/home/luricl/Documents/UnB/PIBIC/code/lab_samples_logistics/mission/rome_bt'
[0.264s] INFO:colcon.colcon_core.plugin_system:Skipping extension 'colcon_core.shell.bat': Not used on non-Windows systems
[0.264s] INFO:colcon.colcon_core.shell:Skip shell extension 'powershell' for command environment: Not usable outside of PowerShell
[0.264s] DEBUG:colcon.colcon_core.shell:Skip shell extension 'dsv' for command environment
[0.267s] INFO:colcon.colcon_ros.task.ament_python.build:Building ROS package in '/home/luricl/Documents/UnB/PIBIC/code/lab_samples_logistics/mission/rome_sim' with build type 'ament_python'
[0.267s] Level 1:colcon.colcon_core.shell:create_environment_hook('rome_sim', 'ament_prefix_path')
[0.267s] INFO:colcon.colcon_core.shell:Creating environment hook '/home/luricl/Documents/UnB/PIBIC/code/lab_samples_logistics/mission/install/rome_sim/share/rome_sim/hook/ament_prefix_path.ps1'
[0.268s] INFO:colcon.colcon_core.shell:Creating environment descriptor '/home/luricl/Documents/UnB/PIBIC/code/lab_samples_logistics/mission/install/rome_sim/share/rome_sim/hook/ament_prefix_path.dsv'
[0.268s] INFO:colcon.colcon_core.shell:Creating environment hook '/home/luricl/Documents/UnB/PIBIC/code/lab_samples_logistics/mission/install/rome_sim/share/rome_sim/hook/ament_prefix_path.sh'
[0.268s] INFO:colcon.colcon_core.shell:Skip shell extension 'powershell' for command environment: Not usable outside of PowerShell
[0.268s] DEBUG:colcon.colcon_core.shell:Skip shell extension 'dsv' for command environment
[0.273s] DEBUG:colcon.colcon_core.event_handler.log_command:Invoking command in '/home/luricl/Documents/UnB/PIBIC/code/lab_samples_logistics/mission/build/rome_bt': CMAKE_PREFIX_PATH=/opt/ros/humble /usr/bin/cmake /home/luricl/Documents/UnB/PIBIC/code/lab_samples_logistics/mission/rome_bt -DCMAKE_INSTALL_PREFIX=/home/luricl/Documents/UnB/PIBIC/code/lab_samples_logistics/mission/install/rome_bt
[0.443s] INFO:colcon.colcon_core.task.python.build:Building Python package in '/home/luricl/Documents/UnB/PIBIC/code/lab_samples_logistics/mission/rome_sim'
[0.443s] INFO:colcon.colcon_core.shell:Skip shell extension 'powershell' for command environment: Not usable outside of PowerShell
[0.443s] DEBUG:colcon.colcon_core.shell:Skip shell extension 'dsv' for command environment
[0.704s] DEBUG:colcon.colcon_core.event_handler.log_command:Invoking command in '/home/luricl/Documents/UnB/PIBIC/code/lab_samples_logistics/mission/rome_sim': PYTHONPATH=/home/luricl/Documents/UnB/PIBIC/code/lab_samples_logistics/mission/build/rome_sim/prefix_override:/usr/local/lib/python3.10/dist-packages/colcon_core/task/python/colcon_distutils_commands:/home/luricl/Documents/UnB/PIBIC/code/lab_samples_logistics/mission/install/rome_sim/lib/python3.10/site-packages:${PYTHONPATH} /usr/bin/python3 -W ignore:setup.py install is deprecated setup.py egg_info --egg-base ../build/rome_sim build --build-base /home/luricl/Documents/UnB/PIBIC/code/lab_samples_logistics/mission/build/rome_sim/build install --record /home/luricl/Documents/UnB/PIBIC/code/lab_samples_logistics/mission/build/rome_sim/install.log --single-version-externally-managed install_data
[0.897s] DEBUG:colcon.colcon_core.event_handler.log_command:Invoked command in '/home/luricl/Documents/UnB/PIBIC/code/lab_samples_logistics/mission/rome_sim' returned '0': PYTHONPATH=/home/luricl/Documents/UnB/PIBIC/code/lab_samples_logistics/mission/build/rome_sim/prefix_override:/usr/local/lib/python3.10/dist-packages/colcon_core/task/python/colcon_distutils_commands:/home/luricl/Documents/UnB/PIBIC/code/lab_samples_logistics/mission/install/rome_sim/lib/python3.10/site-packages:${PYTHONPATH} /usr/bin/python3 -W ignore:setup.py install is deprecated setup.py egg_info --egg-base ../build/rome_sim build --build-base /home/luricl/Documents/UnB/PIBIC/code/lab_samples_logistics/mission/build/rome_sim/build install --record /home/luricl/Documents/UnB/PIBIC/code/lab_samples_logistics/mission/build/rome_sim/install.log --single-version-externally-managed install_data
[0.899s] Level 1:colcon.colcon_core.environment:checking '/home/luricl/Documents/UnB/PIBIC/code/lab_samples_logistics/mission/install/rome_sim' for CMake module files
[0.899s] Level 1:colcon.colcon_core.environment:checking '/home/luricl/Documents/UnB/PIBIC/code/lab_samples_logistics/mission/install/rome_sim' for CMake config files
[0.900s] Level 1:colcon.colcon_core.environment:checking '/home/luricl/Documents/UnB/PIBIC/code/lab_samples_logistics/mission/install/rome_sim/lib'
[0.900s] Level 1:colcon.colcon_core.environment:checking '/home/luricl/Documents/UnB/PIBIC/code/lab_samples_logistics/mission/install/rome_sim/bin'
[0.900s] Level 1:colcon.colcon_core.environment:checking '/home/luricl/Documents/UnB/PIBIC/code/lab_samples_logistics/mission/install/rome_sim/lib/pkgconfig/rome_sim.pc'
[0.900s] Level 1:colcon.colcon_core.environment:checking '/home/luricl/Documents/UnB/PIBIC/code/lab_samples_logistics/mission/install/rome_sim/lib/python3.10/site-packages'
[0.900s] Level 1:colcon.colcon_core.shell:create_environment_hook('rome_sim', 'pythonpath')
[0.900s] INFO:colcon.colcon_core.shell:Creating environment hook '/home/luricl/Documents/UnB/PIBIC/code/lab_samples_logistics/mission/install/rome_sim/share/rome_sim/hook/pythonpath.ps1'
[0.901s] INFO:colcon.colcon_core.shell:Creating environment descriptor '/home/luricl/Documents/UnB/PIBIC/code/lab_samples_logistics/mission/install/rome_sim/share/rome_sim/hook/pythonpath.dsv'
[0.901s] INFO:colcon.colcon_core.shell:Creating environment hook '/home/luricl/Documents/UnB/PIBIC/code/lab_samples_logistics/mission/install/rome_sim/share/rome_sim/hook/pythonpath.sh'
[0.901s] Level 1:colcon.colcon_core.environment:checking '/home/luricl/Documents/UnB/PIBIC/code/lab_samples_logistics/mission/install/rome_sim/bin'
[0.901s] Level 1:colcon.colcon_core.environment:create_environment_scripts_only(rome_sim)
[0.901s] INFO:colcon.colcon_core.shell:Creating package script '/home/luricl/Documents/UnB/PIBIC/code/lab_samples_logistics/mission/install/rome_sim/share/rome_sim/package.ps1'
[0.902s] INFO:colcon.colcon_core.shell:Creating package descriptor '/home/luricl/Documents/UnB/PIBIC/code/lab_samples_logistics/mission/install/rome_sim/share/rome_sim/package.dsv'
[0.902s] INFO:colcon.colcon_core.shell:Creating package script '/home/luricl/Documents/UnB/PIBIC/code/lab_samples_logistics/mission/install/rome_sim/share/rome_sim/package.sh'
[0.903s] INFO:colcon.colcon_core.shell:Creating package script '/home/luricl/Documents/UnB/PIBIC/code/lab_samples_logistics/mission/install/rome_sim/share/rome_sim/package.bash'
[0.903s] INFO:colcon.colcon_core.shell:Creating package script '/home/luricl/Documents/UnB/PIBIC/code/lab_samples_logistics/mission/install/rome_sim/share/rome_sim/package.zsh'
[0.904s] Level 1:colcon.colcon_core.environment:create_file_with_runtime_dependencies(/home/luricl/Documents/UnB/PIBIC/code/lab_samples_logistics/mission/install/rome_sim/share/colcon-core/packages/rome_sim)
[1.747s] DEBUG:colcon.colcon_core.event_handler.log_command:Invoked command in '/home/luricl/Documents/UnB/PIBIC/code/lab_samples_logistics/mission/build/rome_bt' returned '0': CMAKE_PREFIX_PATH=/opt/ros/humble /usr/bin/cmake /home/luricl/Documents/UnB/PIBIC/code/lab_samples_logistics/mission/rome_bt -DCMAKE_INSTALL_PREFIX=/home/luricl/Documents/UnB/PIBIC/code/lab_samples_logistics/mission/install/rome_bt
[1.748s] DEBUG:colcon.colcon_core.event_handler.log_command:Invoking command in '/home/luricl/Documents/UnB/PIBIC/code/lab_samples_logistics/mission/build/rome_bt': CMAKE_PREFIX_PATH=/opt/ros/humble /usr/bin/cmake --build /home/luricl/Documents/UnB/PIBIC/code/lab_samples_logistics/mission/build/rome_bt -- -j12 -l12
[9.502s] DEBUG:colcon.colcon_core.event_handler.log_command:Invoked command in '/home/luricl/Documents/UnB/PIBIC/code/lab_samples_logistics/mission/build/rome_bt' returned '0': CMAKE_PREFIX_PATH=/opt/ros/humble /usr/bin/cmake --build /home/luricl/Documents/UnB/PIBIC/code/lab_samples_logistics/mission/build/rome_bt -- -j12 -l12
[9.528s] DEBUG:colcon.colcon_core.event_handler.log_command:Invoking command in '/home/luricl/Documents/UnB/PIBIC/code/lab_samples_logistics/mission/build/rome_bt': CMAKE_PREFIX_PATH=/opt/ros/humble /usr/bin/cmake --install /home/luricl/Documents/UnB/PIBIC/code/lab_samples_logistics/mission/build/rome_bt
[9.538s] Level 1:colcon.colcon_core.environment:create_environment_scripts_only(rome_bt)
[9.538s] Level 1:colcon.colcon_core.environment:checking '/home/luricl/Documents/UnB/PIBIC/code/lab_samples_logistics/mission/install/rome_bt' for CMake module files
[9.538s] DEBUG:colcon.colcon_core.event_handler.log_command:Invoked command in '/home/luricl/Documents/UnB/PIBIC/code/lab_samples_logistics/mission/build/rome_bt' returned '0': CMAKE_PREFIX_PATH=/opt/ros/humble /usr/bin/cmake --install /home/luricl/Documents/UnB/PIBIC/code/lab_samples_logistics/mission/build/rome_bt
[9.538s] Level 1:colcon.colcon_core.environment:checking '/home/luricl/Documents/UnB/PIBIC/code/lab_samples_logistics/mission/install/rome_bt' for CMake config files
[9.538s] Level 1:colcon.colcon_core.shell:create_environment_hook('rome_bt', 'cmake_prefix_path')
[9.538s] INFO:colcon.colcon_core.shell:Creating environment hook '/home/luricl/Documents/UnB/PIBIC/code/lab_samples_logistics/mission/install/rome_bt/share/rome_bt/hook/cmake_prefix_path.ps1'
[9.539s] INFO:colcon.colcon_core.shell:Creating environment descriptor '/home/luricl/Documents/UnB/PIBIC/code/lab_samples_logistics/mission/install/rome_bt/share/rome_bt/hook/cmake_prefix_path.dsv'
[9.539s] INFO:colcon.colcon_core.shell:Creating environment hook '/home/luricl/Documents/UnB/PIBIC/code/lab_samples_logistics/mission/install/rome_bt/share/rome_bt/hook/cmake_prefix_path.sh'
[9.539s] Level 1:colcon.colcon_core.environment:checking '/home/luricl/Documents/UnB/PIBIC/code/lab_samples_logistics/mission/install/rome_bt/lib'
[9.539s] Level 1:colcon.colcon_core.environment:checking '/home/luricl/Documents/UnB/PIBIC/code/lab_samples_logistics/mission/install/rome_bt/bin'
[9.539s] Level 1:colcon.colcon_core.environment:checking '/home/luricl/Documents/UnB/PIBIC/code/lab_samples_logistics/mission/install/rome_bt/lib/pkgconfig/rome_bt.pc'
[9.539s] Level 1:colcon.colcon_core.environment:checking '/home/luricl/Documents/UnB/PIBIC/code/lab_samples_logistics/mission/install/rome_bt/lib/python3.10/site-packages'
[9.539s] Level 1:colcon.colcon_core.environment:checking '/home/luricl/Documents/UnB/PIBIC/code/lab_samples_logistics/mission/install/rome_bt/bin'
[9.540s] INFO:colcon.colcon_core.shell:Creating package script '/home/luricl/Documents/UnB/PIBIC/code/lab_samples_logistics/mission/install/rome_bt/share/rome_bt/package.ps1'
[9.540s] INFO:colcon.colcon_core.shell:Creating package descriptor '/home/luricl/Documents/UnB/PIBIC/code/lab_samples_logistics/mission/install/rome_bt/share/rome_bt/package.dsv'
[9.540s] INFO:colcon.colcon_core.shell:Creating package script '/home/luricl/Documents/UnB/PIBIC/code/lab_samples_logistics/mission/install/rome_bt/share/rome_bt/package.sh'
[9.540s] INFO:colcon.colcon_core.shell:Creating package script '/home/luricl/Documents/UnB/PIBIC/code/lab_samples_logistics/mission/install/rome_bt/share/rome_bt/package.bash'
[9.540s] INFO:colcon.colcon_core.shell:Creating package script '/home/luricl/Documents/UnB/PIBIC/code/lab_samples_logistics/mission/install/rome_bt/share/rome_bt/package.zsh'
[9.541s] Level 1:colcon.colcon_core.environment:create_file_with_runtime_dependencies(/home/luricl/Documents/UnB/PIBIC/code/lab_samples_logistics/mission/install/rome_bt/share/colcon-core/packages/rome_bt)
[9.560s] Level 1:colcon.colcon_core.environment:create_environment_scripts_only(rome_bt)
[9.561s] Level 1:colcon.colcon_core.environment:checking '/home/luricl/Documents/UnB/PIBIC/code/lab_samples_logistics/mission/install/rome_bt' for CMake module files
[9.561s] Level 1:colcon.colcon_core.environment:checking '/home/luricl/Documents/UnB/PIBIC/code/lab_samples_logistics/mission/install/rome_bt' for CMake config files
[9.562s] Level 1:colcon.colcon_core.shell:create_environment_hook('rome_bt', 'cmake_prefix_path')
[9.562s] INFO:colcon.colcon_core.shell:Creating environment hook '/home/luricl/Documents/UnB/PIBIC/code/lab_samples_logistics/mission/install/rome_bt/share/rome_bt/hook/cmake_prefix_path.ps1'
[9.563s] INFO:colcon.colcon_core.shell:Creating environment descriptor '/home/luricl/Documents/UnB/PIBIC/code/lab_samples_logistics/mission/install/rome_bt/share/rome_bt/hook/cmake_prefix_path.dsv'
[9.563s] INFO:colcon.colcon_core.shell:Creating environment hook '/home/luricl/Documents/UnB/PIBIC/code/lab_samples_logistics/mission/install/rome_bt/share/rome_bt/hook/cmake_prefix_path.sh'
[9.563s] Level 1:colcon.colcon_core.environment:checking '/home/luricl/Documents/UnB/PIBIC/code/lab_samples_logistics/mission/install/rome_bt/lib'
[9.563s] Level 1:colcon.colcon_core.environment:checking '/home/luricl/Documents/UnB/PIBIC/code/lab_samples_logistics/mission/install/rome_bt/bin'
[9.563s] Level 1:colcon.colcon_core.environment:checking '/home/luricl/Documents/UnB/PIBIC/code/lab_samples_logistics/mission/install/rome_bt/lib/pkgconfig/rome_bt.pc'
[9.564s] Level 1:colcon.colcon_core.environment:checking '/home/luricl/Documents/UnB/PIBIC/code/lab_samples_logistics/mission/install/rome_bt/lib/python3.10/site-packages'
[9.564s] Level 1:colcon.colcon_core.environment:checking '/home/luricl/Documents/UnB/PIBIC/code/lab_samples_logistics/mission/install/rome_bt/bin'
[9.564s] INFO:colcon.colcon_core.shell:Creating package script '/home/luricl/Documents/UnB/PIBIC/code/lab_samples_logistics/mission/install/rome_bt/share/rome_bt/package.ps1'
[9.565s] INFO:colcon.colcon_core.shell:Creating package descriptor '/home/luricl/Documents/UnB/PIBIC/code/lab_samples_logistics/mission/install/rome_bt/share/rome_bt/package.dsv'
[9.565s] INFO:colcon.colcon_core.shell:Creating package script '/home/luricl/Documents/UnB/PIBIC/code/lab_samples_logistics/mission/install/rome_bt/share/rome_bt/package.sh'
[9.565s] INFO:colcon.colcon_core.shell:Creating package script '/home/luricl/Documents/UnB/PIBIC/code/lab_samples_logistics/mission/install/rome_bt/share/rome_bt/package.bash'
[9.565s] INFO:colcon.colcon_core.shell:Creating package script '/home/luricl/Documents/UnB/PIBIC/code/lab_samples_logistics/mission/install/rome_bt/share/rome_bt/package.zsh'
[9.566s] Level 1:colcon.colcon_core.environment:create_file_with_runtime_dependencies(/home/luricl/Documents/UnB/PIBIC/code/lab_samples_logistics/mission/install/rome_bt/share/colcon-core/packages/rome_bt)
[9.566s] DEBUG:colcon.colcon_parallel_executor.executor.parallel:closing loop
[9.566s] DEBUG:colcon.colcon_parallel_executor.executor.parallel:loop closed
[9.566s] DEBUG:colcon.colcon_parallel_executor.executor.parallel:run_until_complete finished with '0'
[9.566s] DEBUG:colcon.colcon_core.event_reactor:joining thread
[9.571s] INFO:colcon.colcon_core.plugin_system:Skipping extension 'colcon_notification.desktop_notification.notify_send': Could not find 'notify-send'
[9.571s] INFO:colcon.colcon_core.plugin_system:Skipping extension 'colcon_notification.desktop_notification.terminal_notifier': Not used on non-Darwin systems
[9.571s] INFO:colcon.colcon_core.plugin_system:Skipping extension 'colcon_notification.desktop_notification.win32': Not used on non-Windows systems
[9.571s] INFO:colcon.colcon_notification.desktop_notification:Sending desktop notification using 'notify2'
[9.610s] DEBUG:colcon.colcon_core.event_reactor:joined thread
[9.611s] INFO:colcon.colcon_core.shell:Creating prefix script '/home/luricl/Documents/UnB/PIBIC/code/lab_samples_logistics/mission/install/local_setup.ps1'
[9.611s] INFO:colcon.colcon_core.shell:Creating prefix util module '/home/luricl/Documents/UnB/PIBIC/code/lab_samples_logistics/mission/install/_local_setup_util_ps1.py'
[9.612s] INFO:colcon.colcon_core.shell:Creating prefix chain script '/home/luricl/Documents/UnB/PIBIC/code/lab_samples_logistics/mission/install/setup.ps1'
[9.613s] INFO:colcon.colcon_core.shell:Creating prefix script '/home/luricl/Documents/UnB/PIBIC/code/lab_samples_logistics/mission/install/local_setup.sh'
[9.613s] INFO:colcon.colcon_core.shell:Creating prefix util module '/home/luricl/Documents/UnB/PIBIC/code/lab_samples_logistics/mission/install/_local_setup_util_sh.py'
[9.614s] INFO:colcon.colcon_core.shell:Creating prefix chain script '/home/luricl/Documents/UnB/PIBIC/code/lab_samples_logistics/mission/install/setup.sh'
[9.614s] INFO:colcon.colcon_core.shell:Creating prefix script '/home/luricl/Documents/UnB/PIBIC/code/lab_samples_logistics/mission/install/local_setup.bash'
[9.615s] INFO:colcon.colcon_core.shell:Creating prefix chain script '/home/luricl/Documents/UnB/PIBIC/code/lab_samples_logistics/mission/install/setup.bash'
[9.615s] INFO:colcon.colcon_core.shell:Creating prefix script '/home/luricl/Documents/UnB/PIBIC/code/lab_samples_logistics/mission/install/local_setup.zsh'
[9.615s] INFO:colcon.colcon_core.shell:Creating prefix chain script '/home/luricl/Documents/UnB/PIBIC/code/lab_samples_logistics/mission/install/setup.zsh'
