-- The C compiler identification is GNU 11.4.0
-- The CXX compiler identification is GNU 11.4.0
-- Detecting C compiler ABI info
-- Detecting C compiler ABI info - done
-- Check for working C compiler: /usr/bin/cc - skipped
-- Detecting C compile features
-- Detecting C compile features - done
-- Detecting CXX compiler ABI info
-- Detecting CXX compiler ABI info - done
-- Check for working CXX compiler: /usr/bin/c++ - skipped
-- Detecting CXX compile features
-- Detecting CXX compile features - done
-- Found ament_cmake: 1.3.10 (/opt/ros/humble/share/ament_cmake/cmake)
-- Found Python3: /usr/bin/python3 (found version "3.10.12") found components: Interpreter 
-- Found rclcpp: 16.0.10 (/opt/ros/humble/share/rclcpp/cmake)
-- Found rosidl_generator_c: 3.1.5 (/opt/ros/humble/share/rosidl_generator_c/cmake)
-- Found rosidl_adapter: 3.1.5 (/opt/ros/humble/share/rosidl_adapter/cmake)
-- Found rosidl_generator_cpp: 3.1.5 (/opt/ros/humble/share/rosidl_generator_cpp/cmake)
-- Using all available rosidl_typesupport_c: rosidl_typesupport_fastrtps_c;rosidl_typesupport_introspection_c
-- Using all available rosidl_typesupport_cpp: rosidl_typesupport_fastrtps_cpp;rosidl_typesupport_introspection_cpp
-- Found rmw_implementation_cmake: 6.1.2 (/opt/ros/humble/share/rmw_implementation_cmake/cmake)
-- Found rmw_fastrtps_cpp: 6.2.7 (/opt/ros/humble/share/rmw_fastrtps_cpp/cmake)
-- Found OpenSSL: /usr/lib/x86_64-linux-gnu/libcrypto.so (found version "3.0.2")  
-- Found FastRTPS: /opt/ros/humble/include  
-- Using RMW implementation 'rmw_fastrtps_cpp' as default
-- Looking for pthread.h
-- Looking for pthread.h - found
-- Performing Test CMAKE_HAVE_LIBC_PTHREAD
-- Performing Test CMAKE_HAVE_LIBC_PTHREAD - Success
-- Found Threads: TRUE  
-- Found rclcpp_action: 16.0.10 (/opt/ros/humble/share/rclcpp_action/cmake)
-- Found nav2_util: 1.1.16 (/opt/ros/humble/share/nav2_util/cmake)
-- Found eigen3_cmake_module: 0.1.1 (/opt/ros/humble/share/eigen3_cmake_module/cmake)
-- Found Eigen3: TRUE (found version "3.4.0") 
-- Ensuring Eigen3 include directory is part of orocos-kdl CMake target
-- Found nav2_core: 1.1.16 (/opt/ros/humble/share/nav2_core/cmake)
-- Found nav2_behavior_tree: 1.1.16 (/opt/ros/humble/share/nav2_behavior_tree/cmake)
-- Found ament_lint_auto: 0.12.11 (/opt/ros/humble/share/ament_lint_auto/cmake)
-- Added test 'copyright' to check source files copyright and LICENSE
-- Added test 'cppcheck' to perform static code analysis on C / C++ code
-- Configured cppcheck include dirs: /home/luricl/Documents/UnB/PIBIC/code/lab_samples_logistics/mission/rome_bt/include
-- Configured cppcheck exclude dirs and/or files: 
-- Added test 'cpplint' to check C / C++ code against the Google style
-- Configured cpplint exclude dirs and/or files: 
-- Added test 'flake8' to check Python code syntax and style conventions
-- Added test 'lint_cmake' to check CMake code style
-- Added test 'pep257' to check Python code against some of the docstring style conventions in PEP 257
-- Added test 'uncrustify' to check C / C++ code style
-- Configured uncrustify additional arguments: 
-- Added test 'xmllint' to check XML markup files
-- Configuring done
-- Generating done
-- Build files have been written to: /home/luricl/Documents/UnB/PIBIC/code/lab_samples_logistics/mission/build/rome_bt
[ 50%] [32mBuilding CXX object CMakeFiles/bt_executor.dir/src/bt_executor.cpp.o[0m
[100%] [32m[1mLinking CXX executable bt_executor[0m
[100%] Built target bt_executor
-- Install configuration: ""
-- Installing: /home/luricl/Documents/UnB/PIBIC/code/lab_samples_logistics/mission/install/rome_bt/share/rome_bt/behavior_trees
-- Installing: /home/luricl/Documents/UnB/PIBIC/code/lab_samples_logistics/mission/install/rome_bt/share/rome_bt/behavior_trees/lab_samples_bt.xml
-- Installing: /home/luricl/Documents/UnB/PIBIC/code/lab_samples_logistics/mission/install/rome_bt/share/rome_bt/behavior_trees/plugins.txt
-- Installing: /home/luricl/Documents/UnB/PIBIC/code/lab_samples_logistics/mission/install/rome_bt/share/rome_bt/behavior_trees/bt_example1.xml
-- Installing: /home/luricl/Documents/UnB/PIBIC/code/lab_samples_logistics/mission/install/rome_bt/share/rome_bt/behavior_trees/bt_example3.xml
-- Installing: /home/luricl/Documents/UnB/PIBIC/code/lab_samples_logistics/mission/install/rome_bt/share/rome_bt/behavior_trees/bt_example2.xml
-- Installing: /home/luricl/Documents/UnB/PIBIC/code/lab_samples_logistics/mission/install/rome_bt/share/rome_bt/launch
-- Installing: /home/luricl/Documents/UnB/PIBIC/code/lab_samples_logistics/mission/install/rome_bt/share/rome_bt/launch/execute_bt.launch.py
-- Installing: /home/luricl/Documents/UnB/PIBIC/code/lab_samples_logistics/mission/install/rome_bt/lib/rome_bt/bt_executor
-- Set runtime path of "/home/luricl/Documents/UnB/PIBIC/code/lab_samples_logistics/mission/install/rome_bt/lib/rome_bt/bt_executor" to ""
-- Installing: /home/luricl/Documents/UnB/PIBIC/code/lab_samples_logistics/mission/install/rome_bt/share/ament_index/resource_index/package_run_dependencies/rome_bt
-- Installing: /home/luricl/Documents/UnB/PIBIC/code/lab_samples_logistics/mission/install/rome_bt/share/ament_index/resource_index/parent_prefix_path/rome_bt
-- Installing: /home/luricl/Documents/UnB/PIBIC/code/lab_samples_logistics/mission/install/rome_bt/share/rome_bt/environment/ament_prefix_path.sh
-- Installing: /home/luricl/Documents/UnB/PIBIC/code/lab_samples_logistics/mission/install/rome_bt/share/rome_bt/environment/ament_prefix_path.dsv
-- Installing: /home/luricl/Documents/UnB/PIBIC/code/lab_samples_logistics/mission/install/rome_bt/share/rome_bt/environment/path.sh
-- Installing: /home/luricl/Documents/UnB/PIBIC/code/lab_samples_logistics/mission/install/rome_bt/share/rome_bt/environment/path.dsv
-- Installing: /home/luricl/Documents/UnB/PIBIC/code/lab_samples_logistics/mission/install/rome_bt/share/rome_bt/local_setup.bash
-- Installing: /home/luricl/Documents/UnB/PIBIC/code/lab_samples_logistics/mission/install/rome_bt/share/rome_bt/local_setup.sh
-- Installing: /home/luricl/Documents/UnB/PIBIC/code/lab_samples_logistics/mission/install/rome_bt/share/rome_bt/local_setup.zsh
-- Installing: /home/luricl/Documents/UnB/PIBIC/code/lab_samples_logistics/mission/install/rome_bt/share/rome_bt/local_setup.dsv
-- Installing: /home/luricl/Documents/UnB/PIBIC/code/lab_samples_logistics/mission/install/rome_bt/share/rome_bt/package.dsv
-- Installing: /home/luricl/Documents/UnB/PIBIC/code/lab_samples_logistics/mission/install/rome_bt/share/ament_index/resource_index/packages/rome_bt
-- Installing: /home/luricl/Documents/UnB/PIBIC/code/lab_samples_logistics/mission/install/rome_bt/share/rome_bt/cmake/rome_btConfig.cmake
-- Installing: /home/luricl/Documents/UnB/PIBIC/code/lab_samples_logistics/mission/install/rome_bt/share/rome_bt/cmake/rome_btConfig-version.cmake
-- Installing: /home/luricl/Documents/UnB/PIBIC/code/lab_samples_logistics/mission/install/rome_bt/share/rome_bt/package.xml
