[0.010s] Invoking command in '/home/luricl/Documents/UnB/PIBIC/code/lab_samples_logistics/mission/build/rome_bt': CMAKE_PREFIX_PATH=/opt/ros/humble /usr/bin/cmake /home/luricl/Documents/UnB/PIBIC/code/lab_samples_logistics/mission/rome_bt -DCMAKE_INSTALL_PREFIX=/home/luricl/Documents/UnB/PIBIC/code/lab_samples_logistics/mission/install/rome_bt
[0.096s] -- The C compiler identification is GNU 11.4.0
[0.158s] -- The CXX compiler identification is GNU 11.4.0
[0.166s] -- Detecting C compiler ABI info
[0.222s] -- Detecting C compiler ABI info - done
[0.228s] -- Check for working C compiler: /usr/bin/cc - skipped
[0.228s] -- Detecting C compile features
[0.229s] -- Detecting C compile features - done
[0.233s] -- Detecting CXX compiler ABI info
[0.291s] -- Detecting CXX compiler ABI info - done
[0.295s] -- Check for working CXX compiler: /usr/bin/c++ - skipped
[0.295s] -- Detecting CXX compile features
[0.296s] -- Detecting CXX compile features - done
[0.302s] -- Found ament_cmake: 1.3.10 (/opt/ros/humble/share/ament_cmake/cmake)
[0.408s] -- Found Python3: /usr/bin/python3 (found version "3.10.12") found components: Interpreter 
[0.484s] -- Found rclcpp: 16.0.10 (/opt/ros/humble/share/rclcpp/cmake)
[0.522s] -- Found rosidl_generator_c: 3.1.5 (/opt/ros/humble/share/rosidl_generator_c/cmake)
[0.526s] -- Found rosidl_adapter: 3.1.5 (/opt/ros/humble/share/rosidl_adapter/cmake)
[0.534s] -- Found rosidl_generator_cpp: 3.1.5 (/opt/ros/humble/share/rosidl_generator_cpp/cmake)
[0.544s] -- Using all available rosidl_typesupport_c: rosidl_typesupport_fastrtps_c;rosidl_typesupport_introspection_c
[0.556s] -- Using all available rosidl_typesupport_cpp: rosidl_typesupport_fastrtps_cpp;rosidl_typesupport_introspection_cpp
[0.590s] -- Found rmw_implementation_cmake: 6.1.2 (/opt/ros/humble/share/rmw_implementation_cmake/cmake)
[0.592s] -- Found rmw_fastrtps_cpp: 6.2.7 (/opt/ros/humble/share/rmw_fastrtps_cpp/cmake)
[0.664s] -- Found OpenSSL: /usr/lib/x86_64-linux-gnu/libcrypto.so (found version "3.0.2")  
[0.686s] -- Found FastRTPS: /opt/ros/humble/include  
[0.717s] -- Using RMW implementation 'rmw_fastrtps_cpp' as default
[0.726s] -- Looking for pthread.h
[0.777s] -- Looking for pthread.h - found
[0.778s] -- Performing Test CMAKE_HAVE_LIBC_PTHREAD
[0.836s] -- Performing Test CMAKE_HAVE_LIBC_PTHREAD - Success
[0.836s] -- Found Threads: TRUE  
[0.876s] -- Found rclcpp_action: 16.0.10 (/opt/ros/humble/share/rclcpp_action/cmake)
[0.902s] -- Found nav2_util: 1.1.16 (/opt/ros/humble/share/nav2_util/cmake)
[1.005s] -- Found eigen3_cmake_module: 0.1.1 (/opt/ros/humble/share/eigen3_cmake_module/cmake)
[1.006s] -- Found Eigen3: TRUE (found version "3.4.0") 
[1.006s] -- Ensuring Eigen3 include directory is part of orocos-kdl CMake target
[1.043s] -- Found nav2_core: 1.1.16 (/opt/ros/humble/share/nav2_core/cmake)
[1.135s] -- Found nav2_behavior_tree: 1.1.16 (/opt/ros/humble/share/nav2_behavior_tree/cmake)
[1.331s] -- Found ament_lint_auto: 0.12.11 (/opt/ros/humble/share/ament_lint_auto/cmake)
[1.387s] -- Added test 'copyright' to check source files copyright and LICENSE
[1.388s] -- Added test 'cppcheck' to perform static code analysis on C / C++ code
[1.388s] -- Configured cppcheck include dirs: /home/luricl/Documents/UnB/PIBIC/code/lab_samples_logistics/mission/rome_bt/include
[1.388s] -- Configured cppcheck exclude dirs and/or files: 
[1.389s] -- Added test 'cpplint' to check C / C++ code against the Google style
[1.389s] -- Configured cpplint exclude dirs and/or files: 
[1.390s] -- Added test 'flake8' to check Python code syntax and style conventions
[1.390s] -- Added test 'lint_cmake' to check CMake code style
[1.390s] -- Added test 'pep257' to check Python code against some of the docstring style conventions in PEP 257
[1.391s] -- Added test 'uncrustify' to check C / C++ code style
[1.391s] -- Configured uncrustify additional arguments: 
[1.392s] -- Added test 'xmllint' to check XML markup files
[1.393s] -- Configuring done
[1.472s] -- Generating done
[1.473s] -- Build files have been written to: /home/luricl/Documents/UnB/PIBIC/code/lab_samples_logistics/mission/build/rome_bt
[1.484s] Invoked command in '/home/luricl/Documents/UnB/PIBIC/code/lab_samples_logistics/mission/build/rome_bt' returned '0': CMAKE_PREFIX_PATH=/opt/ros/humble /usr/bin/cmake /home/luricl/Documents/UnB/PIBIC/code/lab_samples_logistics/mission/rome_bt -DCMAKE_INSTALL_PREFIX=/home/luricl/Documents/UnB/PIBIC/code/lab_samples_logistics/mission/install/rome_bt
[1.485s] Invoking command in '/home/luricl/Documents/UnB/PIBIC/code/lab_samples_logistics/mission/build/rome_bt': CMAKE_PREFIX_PATH=/opt/ros/humble /usr/bin/cmake --build /home/luricl/Documents/UnB/PIBIC/code/lab_samples_logistics/mission/build/rome_bt -- -j12 -l12
[1.525s] [ 50%] [32mBuilding CXX object CMakeFiles/bt_executor.dir/src/bt_executor.cpp.o[0m
[8.570s] [100%] [32m[1mLinking CXX executable bt_executor[0m
[9.231s] [100%] Built target bt_executor
[9.239s] Invoked command in '/home/luricl/Documents/UnB/PIBIC/code/lab_samples_logistics/mission/build/rome_bt' returned '0': CMAKE_PREFIX_PATH=/opt/ros/humble /usr/bin/cmake --build /home/luricl/Documents/UnB/PIBIC/code/lab_samples_logistics/mission/build/rome_bt -- -j12 -l12
[9.265s] Invoking command in '/home/luricl/Documents/UnB/PIBIC/code/lab_samples_logistics/mission/build/rome_bt': CMAKE_PREFIX_PATH=/opt/ros/humble /usr/bin/cmake --install /home/luricl/Documents/UnB/PIBIC/code/lab_samples_logistics/mission/build/rome_bt
[9.270s] -- Install configuration: ""
[9.270s] -- Installing: /home/luricl/Documents/UnB/PIBIC/code/lab_samples_logistics/mission/install/rome_bt/share/rome_bt/behavior_trees
[9.270s] -- Installing: /home/luricl/Documents/UnB/PIBIC/code/lab_samples_logistics/mission/install/rome_bt/share/rome_bt/behavior_trees/lab_samples_bt.xml
[9.270s] -- Installing: /home/luricl/Documents/UnB/PIBIC/code/lab_samples_logistics/mission/install/rome_bt/share/rome_bt/behavior_trees/plugins.txt
[9.270s] -- Installing: /home/luricl/Documents/UnB/PIBIC/code/lab_samples_logistics/mission/install/rome_bt/share/rome_bt/behavior_trees/bt_example1.xml
[9.271s] -- Installing: /home/luricl/Documents/UnB/PIBIC/code/lab_samples_logistics/mission/install/rome_bt/share/rome_bt/behavior_trees/bt_example3.xml
[9.271s] -- Installing: /home/luricl/Documents/UnB/PIBIC/code/lab_samples_logistics/mission/install/rome_bt/share/rome_bt/behavior_trees/bt_example2.xml
[9.271s] -- Installing: /home/luricl/Documents/UnB/PIBIC/code/lab_samples_logistics/mission/install/rome_bt/share/rome_bt/launch
[9.271s] -- Installing: /home/luricl/Documents/UnB/PIBIC/code/lab_samples_logistics/mission/install/rome_bt/share/rome_bt/launch/execute_bt.launch.py
[9.271s] -- Installing: /home/luricl/Documents/UnB/PIBIC/code/lab_samples_logistics/mission/install/rome_bt/lib/rome_bt/bt_executor
[9.273s] -- Set runtime path of "/home/luricl/Documents/UnB/PIBIC/code/lab_samples_logistics/mission/install/rome_bt/lib/rome_bt/bt_executor" to ""
[9.273s] -- Installing: /home/luricl/Documents/UnB/PIBIC/code/lab_samples_logistics/mission/install/rome_bt/share/ament_index/resource_index/package_run_dependencies/rome_bt
[9.273s] -- Installing: /home/luricl/Documents/UnB/PIBIC/code/lab_samples_logistics/mission/install/rome_bt/share/ament_index/resource_index/parent_prefix_path/rome_bt
[9.273s] -- Installing: /home/luricl/Documents/UnB/PIBIC/code/lab_samples_logistics/mission/install/rome_bt/share/rome_bt/environment/ament_prefix_path.sh
[9.274s] -- Installing: /home/luricl/Documents/UnB/PIBIC/code/lab_samples_logistics/mission/install/rome_bt/share/rome_bt/environment/ament_prefix_path.dsv
[9.274s] -- Installing: /home/luricl/Documents/UnB/PIBIC/code/lab_samples_logistics/mission/install/rome_bt/share/rome_bt/environment/path.sh
[9.274s] -- Installing: /home/luricl/Documents/UnB/PIBIC/code/lab_samples_logistics/mission/install/rome_bt/share/rome_bt/environment/path.dsv
[9.274s] -- Installing: /home/luricl/Documents/UnB/PIBIC/code/lab_samples_logistics/mission/install/rome_bt/share/rome_bt/local_setup.bash
[9.274s] -- Installing: /home/luricl/Documents/UnB/PIBIC/code/lab_samples_logistics/mission/install/rome_bt/share/rome_bt/local_setup.sh
[9.274s] -- Installing: /home/luricl/Documents/UnB/PIBIC/code/lab_samples_logistics/mission/install/rome_bt/share/rome_bt/local_setup.zsh
[9.274s] -- Installing: /home/luricl/Documents/UnB/PIBIC/code/lab_samples_logistics/mission/install/rome_bt/share/rome_bt/local_setup.dsv
[9.274s] -- Installing: /home/luricl/Documents/UnB/PIBIC/code/lab_samples_logistics/mission/install/rome_bt/share/rome_bt/package.dsv
[9.274s] -- Installing: /home/luricl/Documents/UnB/PIBIC/code/lab_samples_logistics/mission/install/rome_bt/share/ament_index/resource_index/packages/rome_bt
[9.274s] -- Installing: /home/luricl/Documents/UnB/PIBIC/code/lab_samples_logistics/mission/install/rome_bt/share/rome_bt/cmake/rome_btConfig.cmake
[9.274s] -- Installing: /home/luricl/Documents/UnB/PIBIC/code/lab_samples_logistics/mission/install/rome_bt/share/rome_bt/cmake/rome_btConfig-version.cmake
[9.274s] -- Installing: /home/luricl/Documents/UnB/PIBIC/code/lab_samples_logistics/mission/install/rome_bt/share/rome_bt/package.xml
[9.276s] Invoked command in '/home/luricl/Documents/UnB/PIBIC/code/lab_samples_logistics/mission/build/rome_bt' returned '0': CMAKE_PREFIX_PATH=/opt/ros/humble /usr/bin/cmake --install /home/luricl/Documents/UnB/PIBIC/code/lab_samples_logistics/mission/build/rome_bt
