[0.082s] DEBUG:colcon:Command line arguments: ['/usr/local/bin/colcon', 'build']
[0.082s] DEBUG:colcon:Parsed command line arguments: Namespace(log_base=None, log_level=None, verb_name='build', build_base='build', install_base='install', merge_install=False, symlink_install=False, test_result_base=None, continue_on_error=False, executor='parallel', parallel_workers=12, event_handlers=None, ignore_user_meta=False, metas=['./colcon.meta'], base_paths=['.'], packages_ignore=None, packages_ignore_regex=None, paths=None, packages_up_to=None, packages_up_to_regex=None, packages_above=None, packages_above_and_dependencies=None, packages_above_depth=None, packages_select_by_dep=None, packages_skip_by_dep=None, packages_skip_up_to=None, packages_select_build_failed=False, packages_skip_build_finished=False, packages_select_test_failures=False, packages_skip_test_passed=False, packages_select=None, packages_skip=None, packages_select_regex=None, packages_skip_regex=None, packages_start=None, packages_end=None, cmake_args=None, cmake_target=None, cmake_target_skip_unavailable=False, cmake_clean_cache=False, cmake_clean_first=False, cmake_force_configure=False, ament_cmake_args=None, catkin_cmake_args=None, catkin_skip_building_tests=False, verb_parser=<colcon_defaults.argument_parser.defaults.DefaultArgumentsDecorator object at 0x734f14d28b50>, verb_extension=<colcon_core.verb.build.BuildVerb object at 0x734f14d28640>, main=<bound method BuildVerb.main of <colcon_core.verb.build.BuildVerb object at 0x734f14d28640>>)
[0.175s] Level 1:colcon.colcon_core.package_discovery:discover_packages(colcon_meta) check parameters
[0.175s] Level 1:colcon.colcon_core.package_discovery:discover_packages(recursive) check parameters
[0.175s] Level 1:colcon.colcon_core.package_discovery:discover_packages(ignore) check parameters
[0.175s] Level 1:colcon.colcon_core.package_discovery:discover_packages(path) check parameters
[0.175s] Level 1:colcon.colcon_core.package_discovery:discover_packages(colcon_meta) discover
[0.175s] Level 1:colcon.colcon_core.package_discovery:discover_packages(recursive) discover
[0.175s] INFO:colcon.colcon_core.package_discovery:Crawling recursively for packages in '/home/luricl/Documents/UnB/PIBIC/code/lab_samples_logistics/mission'
[0.175s] Level 1:colcon.colcon_core.package_identification:_identify(.) by extensions ['ignore', 'ignore_ament_install']
[0.176s] Level 1:colcon.colcon_core.package_identification:_identify(.) by extension 'ignore'
[0.176s] Level 1:colcon.colcon_core.package_identification:_identify(.) by extension 'ignore_ament_install'
[0.176s] Level 1:colcon.colcon_core.package_identification:_identify(.) by extensions ['colcon_pkg']
[0.176s] Level 1:colcon.colcon_core.package_identification:_identify(.) by extension 'colcon_pkg'
[0.176s] Level 1:colcon.colcon_core.package_identification:_identify(.) by extensions ['colcon_meta']
[0.176s] Level 1:colcon.colcon_core.package_identification:_identify(.) by extension 'colcon_meta'
[0.176s] Level 1:colcon.colcon_core.package_identification:_identify(.) by extensions ['ros']
[0.176s] Level 1:colcon.colcon_core.package_identification:_identify(.) by extension 'ros'
[0.182s] Level 1:colcon.colcon_core.package_identification:_identify(.) by extensions ['cmake', 'python']
[0.182s] Level 1:colcon.colcon_core.package_identification:_identify(.) by extension 'cmake'
[0.182s] Level 1:colcon.colcon_core.package_identification:_identify(.) by extension 'python'
[0.182s] Level 1:colcon.colcon_core.package_identification:_identify(.) by extensions ['python_setup_py']
[0.182s] Level 1:colcon.colcon_core.package_identification:_identify(.) by extension 'python_setup_py'
[0.183s] Level 1:colcon.colcon_core.package_identification:_identify(build) by extensions ['ignore', 'ignore_ament_install']
[0.183s] Level 1:colcon.colcon_core.package_identification:_identify(build) by extension 'ignore'
[0.183s] Level 1:colcon.colcon_core.package_identification:_identify(build) ignored
[0.183s] Level 1:colcon.colcon_core.package_identification:_identify(install) by extensions ['ignore', 'ignore_ament_install']
[0.183s] Level 1:colcon.colcon_core.package_identification:_identify(install) by extension 'ignore'
[0.183s] Level 1:colcon.colcon_core.package_identification:_identify(install) ignored
[0.183s] Level 1:colcon.colcon_core.package_identification:_identify(log) by extensions ['ignore', 'ignore_ament_install']
[0.183s] Level 1:colcon.colcon_core.package_identification:_identify(log) by extension 'ignore'
[0.183s] Level 1:colcon.colcon_core.package_identification:_identify(log) ignored
[0.183s] Level 1:colcon.colcon_core.package_identification:_identify(rome_bt) by extensions ['ignore', 'ignore_ament_install']
[0.183s] Level 1:colcon.colcon_core.package_identification:_identify(rome_bt) by extension 'ignore'
[0.183s] Level 1:colcon.colcon_core.package_identification:_identify(rome_bt) by extension 'ignore_ament_install'
[0.183s] Level 1:colcon.colcon_core.package_identification:_identify(rome_bt) by extensions ['colcon_pkg']
[0.183s] Level 1:colcon.colcon_core.package_identification:_identify(rome_bt) by extension 'colcon_pkg'
[0.183s] Level 1:colcon.colcon_core.package_identification:_identify(rome_bt) by extensions ['colcon_meta']
[0.183s] Level 1:colcon.colcon_core.package_identification:_identify(rome_bt) by extension 'colcon_meta'
[0.183s] Level 1:colcon.colcon_core.package_identification:_identify(rome_bt) by extensions ['ros']
[0.183s] Level 1:colcon.colcon_core.package_identification:_identify(rome_bt) by extension 'ros'
[0.185s] DEBUG:colcon.colcon_core.package_identification:Package 'rome_bt' with type 'ros.ament_cmake' and name 'rome_bt'
[0.185s] Level 1:colcon.colcon_core.package_identification:_identify(rome_sim) by extensions ['ignore', 'ignore_ament_install']
[0.185s] Level 1:colcon.colcon_core.package_identification:_identify(rome_sim) by extension 'ignore'
[0.185s] Level 1:colcon.colcon_core.package_identification:_identify(rome_sim) by extension 'ignore_ament_install'
[0.185s] Level 1:colcon.colcon_core.package_identification:_identify(rome_sim) by extensions ['colcon_pkg']
[0.185s] Level 1:colcon.colcon_core.package_identification:_identify(rome_sim) by extension 'colcon_pkg'
[0.185s] Level 1:colcon.colcon_core.package_identification:_identify(rome_sim) by extensions ['colcon_meta']
[0.185s] Level 1:colcon.colcon_core.package_identification:_identify(rome_sim) by extension 'colcon_meta'
[0.185s] Level 1:colcon.colcon_core.package_identification:_identify(rome_sim) by extensions ['ros']
[0.185s] Level 1:colcon.colcon_core.package_identification:_identify(rome_sim) by extension 'ros'
[0.185s] DEBUG:colcon.colcon_core.package_identification:Package 'rome_sim' with type 'ros.ament_python' and name 'rome_sim'
[0.185s] Level 1:colcon.colcon_core.package_discovery:discover_packages(recursive) using defaults
[0.185s] Level 1:colcon.colcon_core.package_discovery:discover_packages(ignore) discover
[0.185s] Level 1:colcon.colcon_core.package_discovery:discover_packages(ignore) using defaults
[0.186s] Level 1:colcon.colcon_core.package_discovery:discover_packages(path) discover
[0.186s] Level 1:colcon.colcon_core.package_discovery:discover_packages(path) using defaults
[0.203s] Level 5:colcon.colcon_core.verb:set package 'rome_bt' build argument 'cmake_args' from command line to 'None'
[0.203s] Level 5:colcon.colcon_core.verb:set package 'rome_bt' build argument 'cmake_target' from command line to 'None'
[0.203s] Level 5:colcon.colcon_core.verb:set package 'rome_bt' build argument 'cmake_target_skip_unavailable' from command line to 'False'
[0.203s] Level 5:colcon.colcon_core.verb:set package 'rome_bt' build argument 'cmake_clean_cache' from command line to 'False'
[0.203s] Level 5:colcon.colcon_core.verb:set package 'rome_bt' build argument 'cmake_clean_first' from command line to 'False'
[0.203s] Level 5:colcon.colcon_core.verb:set package 'rome_bt' build argument 'cmake_force_configure' from command line to 'False'
[0.203s] Level 5:colcon.colcon_core.verb:set package 'rome_bt' build argument 'ament_cmake_args' from command line to 'None'
[0.203s] Level 5:colcon.colcon_core.verb:set package 'rome_bt' build argument 'catkin_cmake_args' from command line to 'None'
[0.203s] Level 5:colcon.colcon_core.verb:set package 'rome_bt' build argument 'catkin_skip_building_tests' from command line to 'False'
[0.203s] DEBUG:colcon.colcon_core.verb:Building package 'rome_bt' with the following arguments: {'ament_cmake_args': None, 'build_base': '/home/luricl/Documents/UnB/PIBIC/code/lab_samples_logistics/mission/build/rome_bt', 'catkin_cmake_args': None, 'catkin_skip_building_tests': False, 'cmake_args': None, 'cmake_clean_cache': False, 'cmake_clean_first': False, 'cmake_force_configure': False, 'cmake_target': None, 'cmake_target_skip_unavailable': False, 'install_base': '/home/luricl/Documents/UnB/PIBIC/code/lab_samples_logistics/mission/install/rome_bt', 'merge_install': False, 'path': '/home/luricl/Documents/UnB/PIBIC/code/lab_samples_logistics/mission/rome_bt', 'symlink_install': False, 'test_result_base': None}
[0.204s] Level 5:colcon.colcon_core.verb:set package 'rome_sim' build argument 'cmake_args' from command line to 'None'
[0.204s] Level 5:colcon.colcon_core.verb:set package 'rome_sim' build argument 'cmake_target' from command line to 'None'
[0.204s] Level 5:colcon.colcon_core.verb:set package 'rome_sim' build argument 'cmake_target_skip_unavailable' from command line to 'False'
[0.204s] Level 5:colcon.colcon_core.verb:set package 'rome_sim' build argument 'cmake_clean_cache' from command line to 'False'
[0.204s] Level 5:colcon.colcon_core.verb:set package 'rome_sim' build argument 'cmake_clean_first' from command line to 'False'
[0.204s] Level 5:colcon.colcon_core.verb:set package 'rome_sim' build argument 'cmake_force_configure' from command line to 'False'
[0.204s] Level 5:colcon.colcon_core.verb:set package 'rome_sim' build argument 'ament_cmake_args' from command line to 'None'
[0.204s] Level 5:colcon.colcon_core.verb:set package 'rome_sim' build argument 'catkin_cmake_args' from command line to 'None'
[0.204s] Level 5:colcon.colcon_core.verb:set package 'rome_sim' build argument 'catkin_skip_building_tests' from command line to 'False'
[0.204s] DEBUG:colcon.colcon_core.verb:Building package 'rome_sim' with the following arguments: {'ament_cmake_args': None, 'build_base': '/home/luricl/Documents/UnB/PIBIC/code/lab_samples_logistics/mission/build/rome_sim', 'catkin_cmake_args': None, 'catkin_skip_building_tests': False, 'cmake_args': None, 'cmake_clean_cache': False, 'cmake_clean_first': False, 'cmake_force_configure': False, 'cmake_target': None, 'cmake_target_skip_unavailable': False, 'install_base': '/home/luricl/Documents/UnB/PIBIC/code/lab_samples_logistics/mission/install/rome_sim', 'merge_install': False, 'path': '/home/luricl/Documents/UnB/PIBIC/code/lab_samples_logistics/mission/rome_sim', 'symlink_install': False, 'test_result_base': None}
[0.204s] INFO:colcon.colcon_core.executor:Executing jobs using 'parallel' executor
[0.204s] DEBUG:colcon.colcon_parallel_executor.executor.parallel:run_until_complete
[0.205s] INFO:colcon.colcon_ros.task.ament_cmake.build:Building ROS package in '/home/luricl/Documents/UnB/PIBIC/code/lab_samples_logistics/mission/rome_bt' with build type 'ament_cmake'
[0.205s] INFO:colcon.colcon_cmake.task.cmake.build:Building CMake package in '/home/luricl/Documents/UnB/PIBIC/code/lab_samples_logistics/mission/rome_bt'
[0.206s] INFO:colcon.colcon_core.plugin_system:Skipping extension 'colcon_core.shell.bat': Not used on non-Windows systems
[0.206s] INFO:colcon.colcon_core.shell:Skip shell extension 'powershell' for command environment: Not usable outside of PowerShell
[0.206s] DEBUG:colcon.colcon_core.shell:Skip shell extension 'dsv' for command environment
[0.209s] INFO:colcon.colcon_ros.task.ament_python.build:Building ROS package in '/home/luricl/Documents/UnB/PIBIC/code/lab_samples_logistics/mission/rome_sim' with build type 'ament_python'
[0.209s] Level 1:colcon.colcon_core.shell:create_environment_hook('rome_sim', 'ament_prefix_path')
[0.209s] INFO:colcon.colcon_core.shell:Creating environment hook '/home/luricl/Documents/UnB/PIBIC/code/lab_samples_logistics/mission/install/rome_sim/share/rome_sim/hook/ament_prefix_path.ps1'
[0.209s] INFO:colcon.colcon_core.shell:Creating environment descriptor '/home/luricl/Documents/UnB/PIBIC/code/lab_samples_logistics/mission/install/rome_sim/share/rome_sim/hook/ament_prefix_path.dsv'
[0.210s] INFO:colcon.colcon_core.shell:Creating environment hook '/home/luricl/Documents/UnB/PIBIC/code/lab_samples_logistics/mission/install/rome_sim/share/rome_sim/hook/ament_prefix_path.sh'
[0.210s] INFO:colcon.colcon_core.shell:Skip shell extension 'powershell' for command environment: Not usable outside of PowerShell
[0.210s] DEBUG:colcon.colcon_core.shell:Skip shell extension 'dsv' for command environment
[0.217s] DEBUG:colcon.colcon_core.event_handler.log_command:Invoking command in '/home/luricl/Documents/UnB/PIBIC/code/lab_samples_logistics/mission/build/rome_bt': CMAKE_PREFIX_PATH=${CMAKE_PREFIX_PATH}:/home/luricl/Documents/UnB/PIBIC/code/lab_samples_logistics/mission/install/rome_sim:/opt/ros/humble /usr/bin/cmake --build /home/luricl/Documents/UnB/PIBIC/code/lab_samples_logistics/mission/build/rome_bt -- -j12 -l12
[0.384s] INFO:colcon.colcon_core.task.python.build:Building Python package in '/home/luricl/Documents/UnB/PIBIC/code/lab_samples_logistics/mission/rome_sim'
[0.385s] INFO:colcon.colcon_core.shell:Skip shell extension 'powershell' for command environment: Not usable outside of PowerShell
[0.385s] DEBUG:colcon.colcon_core.shell:Skip shell extension 'dsv' for command environment
[0.619s] DEBUG:colcon.colcon_core.event_handler.log_command:Invoking command in '/home/luricl/Documents/UnB/PIBIC/code/lab_samples_logistics/mission/rome_sim': PYTHONPATH=/home/luricl/Documents/UnB/PIBIC/code/lab_samples_logistics/mission/build/rome_sim/prefix_override:/usr/local/lib/python3.10/dist-packages/colcon_core/task/python/colcon_distutils_commands:/home/luricl/Documents/UnB/PIBIC/code/lab_samples_logistics/mission/install/rome_sim/lib/python3.10/site-packages:${PYTHONPATH} /usr/bin/python3 -W ignore:setup.py install is deprecated setup.py egg_info --egg-base ../build/rome_sim build --build-base /home/luricl/Documents/UnB/PIBIC/code/lab_samples_logistics/mission/build/rome_sim/build install --record /home/luricl/Documents/UnB/PIBIC/code/lab_samples_logistics/mission/build/rome_sim/install.log --single-version-externally-managed install_data
[0.816s] DEBUG:colcon.colcon_core.event_handler.log_command:Invoked command in '/home/luricl/Documents/UnB/PIBIC/code/lab_samples_logistics/mission/rome_sim' returned '0': PYTHONPATH=/home/luricl/Documents/UnB/PIBIC/code/lab_samples_logistics/mission/build/rome_sim/prefix_override:/usr/local/lib/python3.10/dist-packages/colcon_core/task/python/colcon_distutils_commands:/home/luricl/Documents/UnB/PIBIC/code/lab_samples_logistics/mission/install/rome_sim/lib/python3.10/site-packages:${PYTHONPATH} /usr/bin/python3 -W ignore:setup.py install is deprecated setup.py egg_info --egg-base ../build/rome_sim build --build-base /home/luricl/Documents/UnB/PIBIC/code/lab_samples_logistics/mission/build/rome_sim/build install --record /home/luricl/Documents/UnB/PIBIC/code/lab_samples_logistics/mission/build/rome_sim/install.log --single-version-externally-managed install_data
[0.817s] Level 1:colcon.colcon_core.environment:checking '/home/luricl/Documents/UnB/PIBIC/code/lab_samples_logistics/mission/install/rome_sim' for CMake module files
[0.817s] Level 1:colcon.colcon_core.environment:checking '/home/luricl/Documents/UnB/PIBIC/code/lab_samples_logistics/mission/install/rome_sim' for CMake config files
[0.817s] Level 1:colcon.colcon_core.environment:checking '/home/luricl/Documents/UnB/PIBIC/code/lab_samples_logistics/mission/install/rome_sim/lib'
[0.817s] Level 1:colcon.colcon_core.environment:checking '/home/luricl/Documents/UnB/PIBIC/code/lab_samples_logistics/mission/install/rome_sim/bin'
[0.818s] Level 1:colcon.colcon_core.environment:checking '/home/luricl/Documents/UnB/PIBIC/code/lab_samples_logistics/mission/install/rome_sim/lib/pkgconfig/rome_sim.pc'
[0.818s] Level 1:colcon.colcon_core.environment:checking '/home/luricl/Documents/UnB/PIBIC/code/lab_samples_logistics/mission/install/rome_sim/lib/python3.10/site-packages'
[0.818s] Level 1:colcon.colcon_core.shell:create_environment_hook('rome_sim', 'pythonpath')
[0.818s] INFO:colcon.colcon_core.shell:Creating environment hook '/home/luricl/Documents/UnB/PIBIC/code/lab_samples_logistics/mission/install/rome_sim/share/rome_sim/hook/pythonpath.ps1'
[0.818s] INFO:colcon.colcon_core.shell:Creating environment descriptor '/home/luricl/Documents/UnB/PIBIC/code/lab_samples_logistics/mission/install/rome_sim/share/rome_sim/hook/pythonpath.dsv'
[0.818s] INFO:colcon.colcon_core.shell:Creating environment hook '/home/luricl/Documents/UnB/PIBIC/code/lab_samples_logistics/mission/install/rome_sim/share/rome_sim/hook/pythonpath.sh'
[0.819s] Level 1:colcon.colcon_core.environment:checking '/home/luricl/Documents/UnB/PIBIC/code/lab_samples_logistics/mission/install/rome_sim/bin'
[0.819s] Level 1:colcon.colcon_core.environment:create_environment_scripts_only(rome_sim)
[0.819s] INFO:colcon.colcon_core.shell:Creating package script '/home/luricl/Documents/UnB/PIBIC/code/lab_samples_logistics/mission/install/rome_sim/share/rome_sim/package.ps1'
[0.820s] INFO:colcon.colcon_core.shell:Creating package descriptor '/home/luricl/Documents/UnB/PIBIC/code/lab_samples_logistics/mission/install/rome_sim/share/rome_sim/package.dsv'
[0.820s] INFO:colcon.colcon_core.shell:Creating package script '/home/luricl/Documents/UnB/PIBIC/code/lab_samples_logistics/mission/install/rome_sim/share/rome_sim/package.sh'
[0.820s] INFO:colcon.colcon_core.shell:Creating package script '/home/luricl/Documents/UnB/PIBIC/code/lab_samples_logistics/mission/install/rome_sim/share/rome_sim/package.bash'
[0.821s] INFO:colcon.colcon_core.shell:Creating package script '/home/luricl/Documents/UnB/PIBIC/code/lab_samples_logistics/mission/install/rome_sim/share/rome_sim/package.zsh'
[0.821s] Level 1:colcon.colcon_core.environment:create_file_with_runtime_dependencies(/home/luricl/Documents/UnB/PIBIC/code/lab_samples_logistics/mission/install/rome_sim/share/colcon-core/packages/rome_sim)
[8.929s] DEBUG:colcon.colcon_core.event_handler.log_command:Invoked command in '/home/luricl/Documents/UnB/PIBIC/code/lab_samples_logistics/mission/build/rome_bt' returned '0': CMAKE_PREFIX_PATH=${CMAKE_PREFIX_PATH}:/home/luricl/Documents/UnB/PIBIC/code/lab_samples_logistics/mission/install/rome_sim:/opt/ros/humble /usr/bin/cmake --build /home/luricl/Documents/UnB/PIBIC/code/lab_samples_logistics/mission/build/rome_bt -- -j12 -l12
[8.954s] DEBUG:colcon.colcon_core.event_handler.log_command:Invoking command in '/home/luricl/Documents/UnB/PIBIC/code/lab_samples_logistics/mission/build/rome_bt': CMAKE_PREFIX_PATH=${CMAKE_PREFIX_PATH}:/home/luricl/Documents/UnB/PIBIC/code/lab_samples_logistics/mission/install/rome_sim:/opt/ros/humble /usr/bin/cmake --install /home/luricl/Documents/UnB/PIBIC/code/lab_samples_logistics/mission/build/rome_bt
[8.967s] Level 1:colcon.colcon_core.environment:create_environment_scripts_only(rome_bt)
[8.967s] Level 1:colcon.colcon_core.environment:checking '/home/luricl/Documents/UnB/PIBIC/code/lab_samples_logistics/mission/install/rome_bt' for CMake module files
[8.967s] DEBUG:colcon.colcon_core.event_handler.log_command:Invoked command in '/home/luricl/Documents/UnB/PIBIC/code/lab_samples_logistics/mission/build/rome_bt' returned '0': CMAKE_PREFIX_PATH=${CMAKE_PREFIX_PATH}:/home/luricl/Documents/UnB/PIBIC/code/lab_samples_logistics/mission/install/rome_sim:/opt/ros/humble /usr/bin/cmake --install /home/luricl/Documents/UnB/PIBIC/code/lab_samples_logistics/mission/build/rome_bt
[8.968s] Level 1:colcon.colcon_core.environment:checking '/home/luricl/Documents/UnB/PIBIC/code/lab_samples_logistics/mission/install/rome_bt' for CMake config files
[8.968s] Level 1:colcon.colcon_core.shell:create_environment_hook('rome_bt', 'cmake_prefix_path')
[8.968s] INFO:colcon.colcon_core.shell:Creating environment hook '/home/luricl/Documents/UnB/PIBIC/code/lab_samples_logistics/mission/install/rome_bt/share/rome_bt/hook/cmake_prefix_path.ps1'
[8.968s] INFO:colcon.colcon_core.shell:Creating environment descriptor '/home/luricl/Documents/UnB/PIBIC/code/lab_samples_logistics/mission/install/rome_bt/share/rome_bt/hook/cmake_prefix_path.dsv'
[8.968s] INFO:colcon.colcon_core.shell:Creating environment hook '/home/luricl/Documents/UnB/PIBIC/code/lab_samples_logistics/mission/install/rome_bt/share/rome_bt/hook/cmake_prefix_path.sh'
[8.969s] Level 1:colcon.colcon_core.environment:checking '/home/luricl/Documents/UnB/PIBIC/code/lab_samples_logistics/mission/install/rome_bt/lib'
[8.969s] Level 1:colcon.colcon_core.environment:checking '/home/luricl/Documents/UnB/PIBIC/code/lab_samples_logistics/mission/install/rome_bt/bin'
[8.969s] Level 1:colcon.colcon_core.environment:checking '/home/luricl/Documents/UnB/PIBIC/code/lab_samples_logistics/mission/install/rome_bt/lib/pkgconfig/rome_bt.pc'
[8.969s] Level 1:colcon.colcon_core.environment:checking '/home/luricl/Documents/UnB/PIBIC/code/lab_samples_logistics/mission/install/rome_bt/lib/python3.10/site-packages'
[8.969s] Level 1:colcon.colcon_core.environment:checking '/home/luricl/Documents/UnB/PIBIC/code/lab_samples_logistics/mission/install/rome_bt/bin'
[8.969s] INFO:colcon.colcon_core.shell:Creating package script '/home/luricl/Documents/UnB/PIBIC/code/lab_samples_logistics/mission/install/rome_bt/share/rome_bt/package.ps1'
[8.969s] INFO:colcon.colcon_core.shell:Creating package descriptor '/home/luricl/Documents/UnB/PIBIC/code/lab_samples_logistics/mission/install/rome_bt/share/rome_bt/package.dsv'
[8.969s] INFO:colcon.colcon_core.shell:Creating package script '/home/luricl/Documents/UnB/PIBIC/code/lab_samples_logistics/mission/install/rome_bt/share/rome_bt/package.sh'
[8.970s] INFO:colcon.colcon_core.shell:Creating package script '/home/luricl/Documents/UnB/PIBIC/code/lab_samples_logistics/mission/install/rome_bt/share/rome_bt/package.bash'
[8.970s] INFO:colcon.colcon_core.shell:Creating package script '/home/luricl/Documents/UnB/PIBIC/code/lab_samples_logistics/mission/install/rome_bt/share/rome_bt/package.zsh'
[8.970s] Level 1:colcon.colcon_core.environment:create_file_with_runtime_dependencies(/home/luricl/Documents/UnB/PIBIC/code/lab_samples_logistics/mission/install/rome_bt/share/colcon-core/packages/rome_bt)
[8.988s] Level 1:colcon.colcon_core.environment:create_environment_scripts_only(rome_bt)
[8.988s] Level 1:colcon.colcon_core.environment:checking '/home/luricl/Documents/UnB/PIBIC/code/lab_samples_logistics/mission/install/rome_bt' for CMake module files
[8.989s] Level 1:colcon.colcon_core.environment:checking '/home/luricl/Documents/UnB/PIBIC/code/lab_samples_logistics/mission/install/rome_bt' for CMake config files
[8.989s] Level 1:colcon.colcon_core.shell:create_environment_hook('rome_bt', 'cmake_prefix_path')
[8.989s] INFO:colcon.colcon_core.shell:Creating environment hook '/home/luricl/Documents/UnB/PIBIC/code/lab_samples_logistics/mission/install/rome_bt/share/rome_bt/hook/cmake_prefix_path.ps1'
[8.989s] INFO:colcon.colcon_core.shell:Creating environment descriptor '/home/luricl/Documents/UnB/PIBIC/code/lab_samples_logistics/mission/install/rome_bt/share/rome_bt/hook/cmake_prefix_path.dsv'
[8.989s] INFO:colcon.colcon_core.shell:Creating environment hook '/home/luricl/Documents/UnB/PIBIC/code/lab_samples_logistics/mission/install/rome_bt/share/rome_bt/hook/cmake_prefix_path.sh'
[8.990s] Level 1:colcon.colcon_core.environment:checking '/home/luricl/Documents/UnB/PIBIC/code/lab_samples_logistics/mission/install/rome_bt/lib'
[8.990s] Level 1:colcon.colcon_core.environment:checking '/home/luricl/Documents/UnB/PIBIC/code/lab_samples_logistics/mission/install/rome_bt/bin'
[8.990s] Level 1:colcon.colcon_core.environment:checking '/home/luricl/Documents/UnB/PIBIC/code/lab_samples_logistics/mission/install/rome_bt/lib/pkgconfig/rome_bt.pc'
[8.990s] Level 1:colcon.colcon_core.environment:checking '/home/luricl/Documents/UnB/PIBIC/code/lab_samples_logistics/mission/install/rome_bt/lib/python3.10/site-packages'
[8.990s] Level 1:colcon.colcon_core.environment:checking '/home/luricl/Documents/UnB/PIBIC/code/lab_samples_logistics/mission/install/rome_bt/bin'
[8.990s] INFO:colcon.colcon_core.shell:Creating package script '/home/luricl/Documents/UnB/PIBIC/code/lab_samples_logistics/mission/install/rome_bt/share/rome_bt/package.ps1'
[8.991s] INFO:colcon.colcon_core.shell:Creating package descriptor '/home/luricl/Documents/UnB/PIBIC/code/lab_samples_logistics/mission/install/rome_bt/share/rome_bt/package.dsv'
[8.991s] INFO:colcon.colcon_core.shell:Creating package script '/home/luricl/Documents/UnB/PIBIC/code/lab_samples_logistics/mission/install/rome_bt/share/rome_bt/package.sh'
[8.991s] INFO:colcon.colcon_core.shell:Creating package script '/home/luricl/Documents/UnB/PIBIC/code/lab_samples_logistics/mission/install/rome_bt/share/rome_bt/package.bash'
[8.991s] INFO:colcon.colcon_core.shell:Creating package script '/home/luricl/Documents/UnB/PIBIC/code/lab_samples_logistics/mission/install/rome_bt/share/rome_bt/package.zsh'
[8.991s] Level 1:colcon.colcon_core.environment:create_file_with_runtime_dependencies(/home/luricl/Documents/UnB/PIBIC/code/lab_samples_logistics/mission/install/rome_bt/share/colcon-core/packages/rome_bt)
[8.991s] DEBUG:colcon.colcon_parallel_executor.executor.parallel:closing loop
[8.992s] DEBUG:colcon.colcon_parallel_executor.executor.parallel:loop closed
[8.992s] DEBUG:colcon.colcon_parallel_executor.executor.parallel:run_until_complete finished with '0'
[8.992s] DEBUG:colcon.colcon_core.event_reactor:joining thread
[8.995s] INFO:colcon.colcon_core.plugin_system:Skipping extension 'colcon_notification.desktop_notification.notify_send': Could not find 'notify-send'
[8.995s] INFO:colcon.colcon_core.plugin_system:Skipping extension 'colcon_notification.desktop_notification.terminal_notifier': Not used on non-Darwin systems
[8.995s] INFO:colcon.colcon_core.plugin_system:Skipping extension 'colcon_notification.desktop_notification.win32': Not used on non-Windows systems
[8.995s] INFO:colcon.colcon_notification.desktop_notification:Sending desktop notification using 'notify2'
[9.002s] DEBUG:colcon.colcon_core.event_reactor:joined thread
[9.002s] INFO:colcon.colcon_core.shell:Creating prefix script '/home/luricl/Documents/UnB/PIBIC/code/lab_samples_logistics/mission/install/local_setup.ps1'
[9.003s] INFO:colcon.colcon_core.shell:Creating prefix util module '/home/luricl/Documents/UnB/PIBIC/code/lab_samples_logistics/mission/install/_local_setup_util_ps1.py'
[9.004s] INFO:colcon.colcon_core.shell:Creating prefix chain script '/home/luricl/Documents/UnB/PIBIC/code/lab_samples_logistics/mission/install/setup.ps1'
[9.005s] INFO:colcon.colcon_core.shell:Creating prefix script '/home/luricl/Documents/UnB/PIBIC/code/lab_samples_logistics/mission/install/local_setup.sh'
[9.005s] INFO:colcon.colcon_core.shell:Creating prefix util module '/home/luricl/Documents/UnB/PIBIC/code/lab_samples_logistics/mission/install/_local_setup_util_sh.py'
[9.005s] INFO:colcon.colcon_core.shell:Creating prefix chain script '/home/luricl/Documents/UnB/PIBIC/code/lab_samples_logistics/mission/install/setup.sh'
[9.006s] INFO:colcon.colcon_core.shell:Creating prefix script '/home/luricl/Documents/UnB/PIBIC/code/lab_samples_logistics/mission/install/local_setup.bash'
[9.006s] INFO:colcon.colcon_core.shell:Creating prefix chain script '/home/luricl/Documents/UnB/PIBIC/code/lab_samples_logistics/mission/install/setup.bash'
[9.007s] INFO:colcon.colcon_core.shell:Creating prefix script '/home/luricl/Documents/UnB/PIBIC/code/lab_samples_logistics/mission/install/local_setup.zsh'
[9.007s] INFO:colcon.colcon_core.shell:Creating prefix chain script '/home/luricl/Documents/UnB/PIBIC/code/lab_samples_logistics/mission/install/setup.zsh'
