[0.013s] Invoking command in '/home/luricl/Documents/UnB/PIBIC/code/lab_samples_logistics/mission/build/rome_bt': CMAKE_PREFIX_PATH=/opt/ros/humble /usr/bin/cmake --build /home/luricl/Documents/UnB/PIBIC/code/lab_samples_logistics/mission/build/rome_bt -- -j12 -l12
[0.108s] [ 50%] [32mBuilding CXX object CMakeFiles/bt_executor.dir/src/bt_executor.cpp.o[0m
[3.728s] [100%] [32m[1mLinking CXX executable bt_executor[0m
[4.224s] [100%] Built target bt_executor
[4.231s] Invoked command in '/home/luricl/Documents/UnB/PIBIC/code/lab_samples_logistics/mission/build/rome_bt' returned '0': CMAKE_PREFIX_PATH=/opt/ros/humble /usr/bin/cmake --build /home/luricl/Documents/UnB/PIBIC/code/lab_samples_logistics/mission/build/rome_bt -- -j12 -l12
[4.258s] Invoking command in '/home/luricl/Documents/UnB/PIBIC/code/lab_samples_logistics/mission/build/rome_bt': CMAKE_PREFIX_PATH=/opt/ros/humble /usr/bin/cmake --install /home/luricl/Documents/UnB/PIBIC/code/lab_samples_logistics/mission/build/rome_bt
[4.263s] -- Install configuration: ""
[4.263s] -- Up-to-date: /home/luricl/Documents/UnB/PIBIC/code/lab_samples_logistics/mission/install/rome_bt/share/rome_bt/behavior_trees
[4.263s] -- Installing: /home/luricl/Documents/UnB/PIBIC/code/lab_samples_logistics/mission/install/rome_bt/share/rome_bt/behavior_trees/lab_samples_bt.xml
[4.264s] -- Up-to-date: /home/luricl/Documents/UnB/PIBIC/code/lab_samples_logistics/mission/install/rome_bt/share/rome_bt/behavior_trees/plugins.txt
[4.264s] -- Up-to-date: /home/luricl/Documents/UnB/PIBIC/code/lab_samples_logistics/mission/install/rome_bt/share/rome_bt/behavior_trees/bt_example1.xml
[4.264s] -- Up-to-date: /home/luricl/Documents/UnB/PIBIC/code/lab_samples_logistics/mission/install/rome_bt/share/rome_bt/behavior_trees/bt_example3.xml
[4.264s] -- Up-to-date: /home/luricl/Documents/UnB/PIBIC/code/lab_samples_logistics/mission/install/rome_bt/share/rome_bt/behavior_trees/bt_example2.xml
[4.264s] -- Up-to-date: /home/luricl/Documents/UnB/PIBIC/code/lab_samples_logistics/mission/install/rome_bt/share/rome_bt/launch
[4.264s] -- Up-to-date: /home/luricl/Documents/UnB/PIBIC/code/lab_samples_logistics/mission/install/rome_bt/share/rome_bt/launch/execute_bt.launch.py
[4.264s] -- Installing: /home/luricl/Documents/UnB/PIBIC/code/lab_samples_logistics/mission/install/rome_bt/lib/rome_bt/bt_executor
[4.266s] -- Set runtime path of "/home/luricl/Documents/UnB/PIBIC/code/lab_samples_logistics/mission/install/rome_bt/lib/rome_bt/bt_executor" to ""
[4.267s] -- Up-to-date: /home/luricl/Documents/UnB/PIBIC/code/lab_samples_logistics/mission/install/rome_bt/share/ament_index/resource_index/package_run_dependencies/rome_bt
[4.267s] -- Up-to-date: /home/luricl/Documents/UnB/PIBIC/code/lab_samples_logistics/mission/install/rome_bt/share/ament_index/resource_index/parent_prefix_path/rome_bt
[4.267s] -- Up-to-date: /home/luricl/Documents/UnB/PIBIC/code/lab_samples_logistics/mission/install/rome_bt/share/rome_bt/environment/ament_prefix_path.sh
[4.267s] -- Up-to-date: /home/luricl/Documents/UnB/PIBIC/code/lab_samples_logistics/mission/install/rome_bt/share/rome_bt/environment/ament_prefix_path.dsv
[4.267s] -- Up-to-date: /home/luricl/Documents/UnB/PIBIC/code/lab_samples_logistics/mission/install/rome_bt/share/rome_bt/environment/path.sh
[4.267s] -- Up-to-date: /home/luricl/Documents/UnB/PIBIC/code/lab_samples_logistics/mission/install/rome_bt/share/rome_bt/environment/path.dsv
[4.267s] -- Up-to-date: /home/luricl/Documents/UnB/PIBIC/code/lab_samples_logistics/mission/install/rome_bt/share/rome_bt/local_setup.bash
[4.267s] -- Up-to-date: /home/luricl/Documents/UnB/PIBIC/code/lab_samples_logistics/mission/install/rome_bt/share/rome_bt/local_setup.sh
[4.267s] -- Up-to-date: /home/luricl/Documents/UnB/PIBIC/code/lab_samples_logistics/mission/install/rome_bt/share/rome_bt/local_setup.zsh
[4.267s] -- Up-to-date: /home/luricl/Documents/UnB/PIBIC/code/lab_samples_logistics/mission/install/rome_bt/share/rome_bt/local_setup.dsv
[4.268s] -- Installing: /home/luricl/Documents/UnB/PIBIC/code/lab_samples_logistics/mission/install/rome_bt/share/rome_bt/package.dsv
[4.268s] -- Up-to-date: /home/luricl/Documents/UnB/PIBIC/code/lab_samples_logistics/mission/install/rome_bt/share/ament_index/resource_index/packages/rome_bt
[4.268s] -- Up-to-date: /home/luricl/Documents/UnB/PIBIC/code/lab_samples_logistics/mission/install/rome_bt/share/rome_bt/cmake/rome_btConfig.cmake
[4.268s] -- Up-to-date: /home/luricl/Documents/UnB/PIBIC/code/lab_samples_logistics/mission/install/rome_bt/share/rome_bt/cmake/rome_btConfig-version.cmake
[4.268s] -- Up-to-date: /home/luricl/Documents/UnB/PIBIC/code/lab_samples_logistics/mission/install/rome_bt/share/rome_bt/package.xml
[4.270s] Invoked command in '/home/luricl/Documents/UnB/PIBIC/code/lab_samples_logistics/mission/build/rome_bt' returned '0': CMAKE_PREFIX_PATH=/opt/ros/humble /usr/bin/cmake --install /home/luricl/Documents/UnB/PIBIC/code/lab_samples_logistics/mission/build/rome_bt
