[0.184s] DEBUG:colcon:Command line arguments: ['/usr/local/bin/colcon', 'build']
[0.184s] DEBUG:colcon:Parsed command line arguments: Namespace(log_base=None, log_level=None, verb_name='build', build_base='build', install_base='install', merge_install=False, symlink_install=False, test_result_base=None, continue_on_error=False, executor='parallel', parallel_workers=12, event_handlers=None, ignore_user_meta=False, metas=['./colcon.meta'], base_paths=['.'], packages_ignore=None, packages_ignore_regex=None, paths=None, packages_up_to=None, packages_up_to_regex=None, packages_above=None, packages_above_and_dependencies=None, packages_above_depth=None, packages_select_by_dep=None, packages_skip_by_dep=None, packages_skip_up_to=None, packages_select_build_failed=False, packages_skip_build_finished=False, packages_select_test_failures=False, packages_skip_test_passed=False, packages_select=None, packages_skip=None, packages_select_regex=None, packages_skip_regex=None, packages_start=None, packages_end=None, cmake_args=None, cmake_target=None, cmake_target_skip_unavailable=False, cmake_clean_cache=False, cmake_clean_first=False, cmake_force_configure=False, ament_cmake_args=None, catkin_cmake_args=None, catkin_skip_building_tests=False, verb_parser=<colcon_defaults.argument_parser.defaults.DefaultArgumentsDecorator object at 0x7fe59fd2c880>, verb_extension=<colcon_core.verb.build.BuildVerb object at 0x7fe59fd2c340>, main=<bound method BuildVerb.main of <colcon_core.verb.build.BuildVerb object at 0x7fe59fd2c340>>)
[1.326s] Level 1:colcon.colcon_core.package_discovery:discover_packages(colcon_meta) check parameters
[1.326s] Level 1:colcon.colcon_core.package_discovery:discover_packages(recursive) check parameters
[1.326s] Level 1:colcon.colcon_core.package_discovery:discover_packages(ignore) check parameters
[1.326s] Level 1:colcon.colcon_core.package_discovery:discover_packages(path) check parameters
[1.326s] Level 1:colcon.colcon_core.package_discovery:discover_packages(colcon_meta) discover
[1.326s] Level 1:colcon.colcon_core.package_discovery:discover_packages(recursive) discover
[1.326s] INFO:colcon.colcon_core.package_discovery:Crawling recursively for packages in '/home/luricl/Documents/UnB/PIBIC/code/lab_samples_logistics/mission'
[1.326s] Level 1:colcon.colcon_core.package_identification:_identify(.) by extensions ['ignore', 'ignore_ament_install']
[1.326s] Level 1:colcon.colcon_core.package_identification:_identify(.) by extension 'ignore'
[1.326s] Level 1:colcon.colcon_core.package_identification:_identify(.) by extension 'ignore_ament_install'
[1.326s] Level 1:colcon.colcon_core.package_identification:_identify(.) by extensions ['colcon_pkg']
[1.326s] Level 1:colcon.colcon_core.package_identification:_identify(.) by extension 'colcon_pkg'
[1.326s] Level 1:colcon.colcon_core.package_identification:_identify(.) by extensions ['colcon_meta']
[1.326s] Level 1:colcon.colcon_core.package_identification:_identify(.) by extension 'colcon_meta'
[1.326s] Level 1:colcon.colcon_core.package_identification:_identify(.) by extensions ['ros']
[1.326s] Level 1:colcon.colcon_core.package_identification:_identify(.) by extension 'ros'
[1.335s] Level 1:colcon.colcon_core.package_identification:_identify(.) by extensions ['cmake', 'python']
[1.335s] Level 1:colcon.colcon_core.package_identification:_identify(.) by extension 'cmake'
[1.335s] Level 1:colcon.colcon_core.package_identification:_identify(.) by extension 'python'
[1.335s] Level 1:colcon.colcon_core.package_identification:_identify(.) by extensions ['python_setup_py']
[1.335s] Level 1:colcon.colcon_core.package_identification:_identify(.) by extension 'python_setup_py'
[1.336s] Level 1:colcon.colcon_core.package_identification:_identify(build) by extensions ['ignore', 'ignore_ament_install']
[1.336s] Level 1:colcon.colcon_core.package_identification:_identify(build) by extension 'ignore'
[1.336s] Level 1:colcon.colcon_core.package_identification:_identify(build) ignored
[1.336s] Level 1:colcon.colcon_core.package_identification:_identify(install) by extensions ['ignore', 'ignore_ament_install']
[1.336s] Level 1:colcon.colcon_core.package_identification:_identify(install) by extension 'ignore'
[1.336s] Level 1:colcon.colcon_core.package_identification:_identify(install) ignored
[1.336s] Level 1:colcon.colcon_core.package_identification:_identify(log) by extensions ['ignore', 'ignore_ament_install']
[1.336s] Level 1:colcon.colcon_core.package_identification:_identify(log) by extension 'ignore'
[1.336s] Level 1:colcon.colcon_core.package_identification:_identify(log) ignored
[1.336s] Level 1:colcon.colcon_core.package_identification:_identify(rome_bt) by extensions ['ignore', 'ignore_ament_install']
[1.336s] Level 1:colcon.colcon_core.package_identification:_identify(rome_bt) by extension 'ignore'
[1.336s] Level 1:colcon.colcon_core.package_identification:_identify(rome_bt) by extension 'ignore_ament_install'
[1.336s] Level 1:colcon.colcon_core.package_identification:_identify(rome_bt) by extensions ['colcon_pkg']
[1.336s] Level 1:colcon.colcon_core.package_identification:_identify(rome_bt) by extension 'colcon_pkg'
[1.336s] Level 1:colcon.colcon_core.package_identification:_identify(rome_bt) by extensions ['colcon_meta']
[1.336s] Level 1:colcon.colcon_core.package_identification:_identify(rome_bt) by extension 'colcon_meta'
[1.336s] Level 1:colcon.colcon_core.package_identification:_identify(rome_bt) by extensions ['ros']
[1.337s] Level 1:colcon.colcon_core.package_identification:_identify(rome_bt) by extension 'ros'
[1.339s] DEBUG:colcon.colcon_core.package_identification:Package 'rome_bt' with type 'ros.ament_cmake' and name 'rome_bt'
[1.339s] Level 1:colcon.colcon_core.package_identification:_identify(rome_sim) by extensions ['ignore', 'ignore_ament_install']
[1.339s] Level 1:colcon.colcon_core.package_identification:_identify(rome_sim) by extension 'ignore'
[1.339s] Level 1:colcon.colcon_core.package_identification:_identify(rome_sim) by extension 'ignore_ament_install'
[1.339s] Level 1:colcon.colcon_core.package_identification:_identify(rome_sim) by extensions ['colcon_pkg']
[1.339s] Level 1:colcon.colcon_core.package_identification:_identify(rome_sim) by extension 'colcon_pkg'
[1.339s] Level 1:colcon.colcon_core.package_identification:_identify(rome_sim) by extensions ['colcon_meta']
[1.339s] Level 1:colcon.colcon_core.package_identification:_identify(rome_sim) by extension 'colcon_meta'
[1.339s] Level 1:colcon.colcon_core.package_identification:_identify(rome_sim) by extensions ['ros']
[1.339s] Level 1:colcon.colcon_core.package_identification:_identify(rome_sim) by extension 'ros'
[1.340s] DEBUG:colcon.colcon_core.package_identification:Package 'rome_sim' with type 'ros.ament_python' and name 'rome_sim'
[1.340s] Level 1:colcon.colcon_core.package_discovery:discover_packages(recursive) using defaults
[1.340s] Level 1:colcon.colcon_core.package_discovery:discover_packages(ignore) discover
[1.340s] Level 1:colcon.colcon_core.package_discovery:discover_packages(ignore) using defaults
[1.340s] Level 1:colcon.colcon_core.package_discovery:discover_packages(path) discover
[1.340s] Level 1:colcon.colcon_core.package_discovery:discover_packages(path) using defaults
[1.365s] Level 5:colcon.colcon_core.verb:set package 'rome_bt' build argument 'cmake_args' from command line to 'None'
[1.365s] Level 5:colcon.colcon_core.verb:set package 'rome_bt' build argument 'cmake_target' from command line to 'None'
[1.365s] Level 5:colcon.colcon_core.verb:set package 'rome_bt' build argument 'cmake_target_skip_unavailable' from command line to 'False'
[1.365s] Level 5:colcon.colcon_core.verb:set package 'rome_bt' build argument 'cmake_clean_cache' from command line to 'False'
[1.365s] Level 5:colcon.colcon_core.verb:set package 'rome_bt' build argument 'cmake_clean_first' from command line to 'False'
[1.365s] Level 5:colcon.colcon_core.verb:set package 'rome_bt' build argument 'cmake_force_configure' from command line to 'False'
[1.365s] Level 5:colcon.colcon_core.verb:set package 'rome_bt' build argument 'ament_cmake_args' from command line to 'None'
[1.365s] Level 5:colcon.colcon_core.verb:set package 'rome_bt' build argument 'catkin_cmake_args' from command line to 'None'
[1.365s] Level 5:colcon.colcon_core.verb:set package 'rome_bt' build argument 'catkin_skip_building_tests' from command line to 'False'
[1.365s] DEBUG:colcon.colcon_core.verb:Building package 'rome_bt' with the following arguments: {'ament_cmake_args': None, 'build_base': '/home/luricl/Documents/UnB/PIBIC/code/lab_samples_logistics/mission/build/rome_bt', 'catkin_cmake_args': None, 'catkin_skip_building_tests': False, 'cmake_args': None, 'cmake_clean_cache': False, 'cmake_clean_first': False, 'cmake_force_configure': False, 'cmake_target': None, 'cmake_target_skip_unavailable': False, 'install_base': '/home/luricl/Documents/UnB/PIBIC/code/lab_samples_logistics/mission/install/rome_bt', 'merge_install': False, 'path': '/home/luricl/Documents/UnB/PIBIC/code/lab_samples_logistics/mission/rome_bt', 'symlink_install': False, 'test_result_base': None}
[1.365s] Level 5:colcon.colcon_core.verb:set package 'rome_sim' build argument 'cmake_args' from command line to 'None'
[1.365s] Level 5:colcon.colcon_core.verb:set package 'rome_sim' build argument 'cmake_target' from command line to 'None'
[1.365s] Level 5:colcon.colcon_core.verb:set package 'rome_sim' build argument 'cmake_target_skip_unavailable' from command line to 'False'
[1.365s] Level 5:colcon.colcon_core.verb:set package 'rome_sim' build argument 'cmake_clean_cache' from command line to 'False'
[1.365s] Level 5:colcon.colcon_core.verb:set package 'rome_sim' build argument 'cmake_clean_first' from command line to 'False'
[1.365s] Level 5:colcon.colcon_core.verb:set package 'rome_sim' build argument 'cmake_force_configure' from command line to 'False'
[1.365s] Level 5:colcon.colcon_core.verb:set package 'rome_sim' build argument 'ament_cmake_args' from command line to 'None'
[1.365s] Level 5:colcon.colcon_core.verb:set package 'rome_sim' build argument 'catkin_cmake_args' from command line to 'None'
[1.365s] Level 5:colcon.colcon_core.verb:set package 'rome_sim' build argument 'catkin_skip_building_tests' from command line to 'False'
[1.365s] DEBUG:colcon.colcon_core.verb:Building package 'rome_sim' with the following arguments: {'ament_cmake_args': None, 'build_base': '/home/luricl/Documents/UnB/PIBIC/code/lab_samples_logistics/mission/build/rome_sim', 'catkin_cmake_args': None, 'catkin_skip_building_tests': False, 'cmake_args': None, 'cmake_clean_cache': False, 'cmake_clean_first': False, 'cmake_force_configure': False, 'cmake_target': None, 'cmake_target_skip_unavailable': False, 'install_base': '/home/luricl/Documents/UnB/PIBIC/code/lab_samples_logistics/mission/install/rome_sim', 'merge_install': False, 'path': '/home/luricl/Documents/UnB/PIBIC/code/lab_samples_logistics/mission/rome_sim', 'symlink_install': False, 'test_result_base': None}
[1.365s] INFO:colcon.colcon_core.executor:Executing jobs using 'parallel' executor
[1.366s] DEBUG:colcon.colcon_parallel_executor.executor.parallel:run_until_complete
[1.366s] INFO:colcon.colcon_ros.task.ament_cmake.build:Building ROS package in '/home/luricl/Documents/UnB/PIBIC/code/lab_samples_logistics/mission/rome_bt' with build type 'ament_cmake'
[1.366s] INFO:colcon.colcon_cmake.task.cmake.build:Building CMake package in '/home/luricl/Documents/UnB/PIBIC/code/lab_samples_logistics/mission/rome_bt'
[1.369s] INFO:colcon.colcon_core.plugin_system:Skipping extension 'colcon_core.shell.bat': Not used on non-Windows systems
[1.369s] INFO:colcon.colcon_core.shell:Skip shell extension 'powershell' for command environment: Not usable outside of PowerShell
[1.369s] DEBUG:colcon.colcon_core.shell:Skip shell extension 'dsv' for command environment
[1.374s] INFO:colcon.colcon_ros.task.ament_python.build:Building ROS package in '/home/luricl/Documents/UnB/PIBIC/code/lab_samples_logistics/mission/rome_sim' with build type 'ament_python'
[1.374s] Level 1:colcon.colcon_core.shell:create_environment_hook('rome_sim', 'ament_prefix_path')
[1.374s] INFO:colcon.colcon_core.shell:Creating environment hook '/home/luricl/Documents/UnB/PIBIC/code/lab_samples_logistics/mission/install/rome_sim/share/rome_sim/hook/ament_prefix_path.ps1'
[1.374s] INFO:colcon.colcon_core.shell:Creating environment descriptor '/home/luricl/Documents/UnB/PIBIC/code/lab_samples_logistics/mission/install/rome_sim/share/rome_sim/hook/ament_prefix_path.dsv'
[1.375s] INFO:colcon.colcon_core.shell:Creating environment hook '/home/luricl/Documents/UnB/PIBIC/code/lab_samples_logistics/mission/install/rome_sim/share/rome_sim/hook/ament_prefix_path.sh'
[1.375s] INFO:colcon.colcon_core.shell:Skip shell extension 'powershell' for command environment: Not usable outside of PowerShell
[1.375s] DEBUG:colcon.colcon_core.shell:Skip shell extension 'dsv' for command environment
[1.381s] DEBUG:colcon.colcon_core.event_handler.log_command:Invoking command in '/home/luricl/Documents/UnB/PIBIC/code/lab_samples_logistics/mission/build/rome_bt': CMAKE_PREFIX_PATH=/opt/ros/humble /usr/bin/cmake --build /home/luricl/Documents/UnB/PIBIC/code/lab_samples_logistics/mission/build/rome_bt -- -j12 -l12
[1.571s] INFO:colcon.colcon_core.task.python.build:Building Python package in '/home/luricl/Documents/UnB/PIBIC/code/lab_samples_logistics/mission/rome_sim'
[1.571s] INFO:colcon.colcon_core.shell:Skip shell extension 'powershell' for command environment: Not usable outside of PowerShell
[1.571s] DEBUG:colcon.colcon_core.shell:Skip shell extension 'dsv' for command environment
[1.844s] DEBUG:colcon.colcon_core.event_handler.log_command:Invoking command in '/home/luricl/Documents/UnB/PIBIC/code/lab_samples_logistics/mission/rome_sim': PYTHONPATH=/home/luricl/Documents/UnB/PIBIC/code/lab_samples_logistics/mission/build/rome_sim/prefix_override:/usr/local/lib/python3.10/dist-packages/colcon_core/task/python/colcon_distutils_commands:/home/luricl/Documents/UnB/PIBIC/code/lab_samples_logistics/mission/install/rome_sim/lib/python3.10/site-packages:${PYTHONPATH} /usr/bin/python3 -W ignore:setup.py install is deprecated setup.py egg_info --egg-base ../build/rome_sim build --build-base /home/luricl/Documents/UnB/PIBIC/code/lab_samples_logistics/mission/build/rome_sim/build install --record /home/luricl/Documents/UnB/PIBIC/code/lab_samples_logistics/mission/build/rome_sim/install.log --single-version-externally-managed install_data
[2.047s] DEBUG:colcon.colcon_core.event_handler.log_command:Invoked command in '/home/luricl/Documents/UnB/PIBIC/code/lab_samples_logistics/mission/rome_sim' returned '0': PYTHONPATH=/home/luricl/Documents/UnB/PIBIC/code/lab_samples_logistics/mission/build/rome_sim/prefix_override:/usr/local/lib/python3.10/dist-packages/colcon_core/task/python/colcon_distutils_commands:/home/luricl/Documents/UnB/PIBIC/code/lab_samples_logistics/mission/install/rome_sim/lib/python3.10/site-packages:${PYTHONPATH} /usr/bin/python3 -W ignore:setup.py install is deprecated setup.py egg_info --egg-base ../build/rome_sim build --build-base /home/luricl/Documents/UnB/PIBIC/code/lab_samples_logistics/mission/build/rome_sim/build install --record /home/luricl/Documents/UnB/PIBIC/code/lab_samples_logistics/mission/build/rome_sim/install.log --single-version-externally-managed install_data
[2.051s] Level 1:colcon.colcon_core.environment:checking '/home/luricl/Documents/UnB/PIBIC/code/lab_samples_logistics/mission/install/rome_sim' for CMake module files
[2.051s] Level 1:colcon.colcon_core.environment:checking '/home/luricl/Documents/UnB/PIBIC/code/lab_samples_logistics/mission/install/rome_sim' for CMake config files
[2.052s] Level 1:colcon.colcon_core.environment:checking '/home/luricl/Documents/UnB/PIBIC/code/lab_samples_logistics/mission/install/rome_sim/lib'
[2.053s] Level 1:colcon.colcon_core.environment:checking '/home/luricl/Documents/UnB/PIBIC/code/lab_samples_logistics/mission/install/rome_sim/bin'
[2.053s] Level 1:colcon.colcon_core.environment:checking '/home/luricl/Documents/UnB/PIBIC/code/lab_samples_logistics/mission/install/rome_sim/lib/pkgconfig/rome_sim.pc'
[2.053s] Level 1:colcon.colcon_core.environment:checking '/home/luricl/Documents/UnB/PIBIC/code/lab_samples_logistics/mission/install/rome_sim/lib/python3.10/site-packages'
[2.053s] Level 1:colcon.colcon_core.shell:create_environment_hook('rome_sim', 'pythonpath')
[2.053s] INFO:colcon.colcon_core.shell:Creating environment hook '/home/luricl/Documents/UnB/PIBIC/code/lab_samples_logistics/mission/install/rome_sim/share/rome_sim/hook/pythonpath.ps1'
[2.053s] INFO:colcon.colcon_core.shell:Creating environment descriptor '/home/luricl/Documents/UnB/PIBIC/code/lab_samples_logistics/mission/install/rome_sim/share/rome_sim/hook/pythonpath.dsv'
[2.054s] INFO:colcon.colcon_core.shell:Creating environment hook '/home/luricl/Documents/UnB/PIBIC/code/lab_samples_logistics/mission/install/rome_sim/share/rome_sim/hook/pythonpath.sh'
[2.054s] Level 1:colcon.colcon_core.environment:checking '/home/luricl/Documents/UnB/PIBIC/code/lab_samples_logistics/mission/install/rome_sim/bin'
[2.054s] Level 1:colcon.colcon_core.environment:create_environment_scripts_only(rome_sim)
[2.054s] INFO:colcon.colcon_core.shell:Creating package script '/home/luricl/Documents/UnB/PIBIC/code/lab_samples_logistics/mission/install/rome_sim/share/rome_sim/package.ps1'
[2.055s] INFO:colcon.colcon_core.shell:Creating package descriptor '/home/luricl/Documents/UnB/PIBIC/code/lab_samples_logistics/mission/install/rome_sim/share/rome_sim/package.dsv'
[2.055s] INFO:colcon.colcon_core.shell:Creating package script '/home/luricl/Documents/UnB/PIBIC/code/lab_samples_logistics/mission/install/rome_sim/share/rome_sim/package.sh'
[2.056s] INFO:colcon.colcon_core.shell:Creating package script '/home/luricl/Documents/UnB/PIBIC/code/lab_samples_logistics/mission/install/rome_sim/share/rome_sim/package.bash'
[2.056s] INFO:colcon.colcon_core.shell:Creating package script '/home/luricl/Documents/UnB/PIBIC/code/lab_samples_logistics/mission/install/rome_sim/share/rome_sim/package.zsh'
[2.057s] Level 1:colcon.colcon_core.environment:create_file_with_runtime_dependencies(/home/luricl/Documents/UnB/PIBIC/code/lab_samples_logistics/mission/install/rome_sim/share/colcon-core/packages/rome_sim)
[5.598s] DEBUG:colcon.colcon_core.event_handler.log_command:Invoked command in '/home/luricl/Documents/UnB/PIBIC/code/lab_samples_logistics/mission/build/rome_bt' returned '0': CMAKE_PREFIX_PATH=/opt/ros/humble /usr/bin/cmake --build /home/luricl/Documents/UnB/PIBIC/code/lab_samples_logistics/mission/build/rome_bt -- -j12 -l12
[5.624s] DEBUG:colcon.colcon_core.event_handler.log_command:Invoking command in '/home/luricl/Documents/UnB/PIBIC/code/lab_samples_logistics/mission/build/rome_bt': CMAKE_PREFIX_PATH=/opt/ros/humble /usr/bin/cmake --install /home/luricl/Documents/UnB/PIBIC/code/lab_samples_logistics/mission/build/rome_bt
[5.635s] Level 1:colcon.colcon_core.environment:create_environment_scripts_only(rome_bt)
[5.636s] Level 1:colcon.colcon_core.environment:checking '/home/luricl/Documents/UnB/PIBIC/code/lab_samples_logistics/mission/install/rome_bt' for CMake module files
[5.636s] DEBUG:colcon.colcon_core.event_handler.log_command:Invoked command in '/home/luricl/Documents/UnB/PIBIC/code/lab_samples_logistics/mission/build/rome_bt' returned '0': CMAKE_PREFIX_PATH=/opt/ros/humble /usr/bin/cmake --install /home/luricl/Documents/UnB/PIBIC/code/lab_samples_logistics/mission/build/rome_bt
[5.637s] Level 1:colcon.colcon_core.environment:checking '/home/luricl/Documents/UnB/PIBIC/code/lab_samples_logistics/mission/install/rome_bt' for CMake config files
[5.637s] Level 1:colcon.colcon_core.shell:create_environment_hook('rome_bt', 'cmake_prefix_path')
[5.638s] INFO:colcon.colcon_core.shell:Creating environment hook '/home/luricl/Documents/UnB/PIBIC/code/lab_samples_logistics/mission/install/rome_bt/share/rome_bt/hook/cmake_prefix_path.ps1'
[5.638s] INFO:colcon.colcon_core.shell:Creating environment descriptor '/home/luricl/Documents/UnB/PIBIC/code/lab_samples_logistics/mission/install/rome_bt/share/rome_bt/hook/cmake_prefix_path.dsv'
[5.638s] INFO:colcon.colcon_core.shell:Creating environment hook '/home/luricl/Documents/UnB/PIBIC/code/lab_samples_logistics/mission/install/rome_bt/share/rome_bt/hook/cmake_prefix_path.sh'
[5.638s] Level 1:colcon.colcon_core.environment:checking '/home/luricl/Documents/UnB/PIBIC/code/lab_samples_logistics/mission/install/rome_bt/lib'
[5.638s] Level 1:colcon.colcon_core.environment:checking '/home/luricl/Documents/UnB/PIBIC/code/lab_samples_logistics/mission/install/rome_bt/bin'
[5.638s] Level 1:colcon.colcon_core.environment:checking '/home/luricl/Documents/UnB/PIBIC/code/lab_samples_logistics/mission/install/rome_bt/lib/pkgconfig/rome_bt.pc'
[5.639s] Level 1:colcon.colcon_core.environment:checking '/home/luricl/Documents/UnB/PIBIC/code/lab_samples_logistics/mission/install/rome_bt/lib/python3.10/site-packages'
[5.639s] Level 1:colcon.colcon_core.environment:checking '/home/luricl/Documents/UnB/PIBIC/code/lab_samples_logistics/mission/install/rome_bt/bin'
[5.639s] INFO:colcon.colcon_core.shell:Creating package script '/home/luricl/Documents/UnB/PIBIC/code/lab_samples_logistics/mission/install/rome_bt/share/rome_bt/package.ps1'
[5.639s] INFO:colcon.colcon_core.shell:Creating package descriptor '/home/luricl/Documents/UnB/PIBIC/code/lab_samples_logistics/mission/install/rome_bt/share/rome_bt/package.dsv'
[5.639s] INFO:colcon.colcon_core.shell:Creating package script '/home/luricl/Documents/UnB/PIBIC/code/lab_samples_logistics/mission/install/rome_bt/share/rome_bt/package.sh'
[5.639s] INFO:colcon.colcon_core.shell:Creating package script '/home/luricl/Documents/UnB/PIBIC/code/lab_samples_logistics/mission/install/rome_bt/share/rome_bt/package.bash'
[5.640s] INFO:colcon.colcon_core.shell:Creating package script '/home/luricl/Documents/UnB/PIBIC/code/lab_samples_logistics/mission/install/rome_bt/share/rome_bt/package.zsh'
[5.640s] Level 1:colcon.colcon_core.environment:create_file_with_runtime_dependencies(/home/luricl/Documents/UnB/PIBIC/code/lab_samples_logistics/mission/install/rome_bt/share/colcon-core/packages/rome_bt)
[5.659s] Level 1:colcon.colcon_core.environment:create_environment_scripts_only(rome_bt)
[5.659s] Level 1:colcon.colcon_core.environment:checking '/home/luricl/Documents/UnB/PIBIC/code/lab_samples_logistics/mission/install/rome_bt' for CMake module files
[5.660s] Level 1:colcon.colcon_core.environment:checking '/home/luricl/Documents/UnB/PIBIC/code/lab_samples_logistics/mission/install/rome_bt' for CMake config files
[5.660s] Level 1:colcon.colcon_core.shell:create_environment_hook('rome_bt', 'cmake_prefix_path')
[5.660s] INFO:colcon.colcon_core.shell:Creating environment hook '/home/luricl/Documents/UnB/PIBIC/code/lab_samples_logistics/mission/install/rome_bt/share/rome_bt/hook/cmake_prefix_path.ps1'
[5.660s] INFO:colcon.colcon_core.shell:Creating environment descriptor '/home/luricl/Documents/UnB/PIBIC/code/lab_samples_logistics/mission/install/rome_bt/share/rome_bt/hook/cmake_prefix_path.dsv'
[5.660s] INFO:colcon.colcon_core.shell:Creating environment hook '/home/luricl/Documents/UnB/PIBIC/code/lab_samples_logistics/mission/install/rome_bt/share/rome_bt/hook/cmake_prefix_path.sh'
[5.661s] Level 1:colcon.colcon_core.environment:checking '/home/luricl/Documents/UnB/PIBIC/code/lab_samples_logistics/mission/install/rome_bt/lib'
[5.661s] Level 1:colcon.colcon_core.environment:checking '/home/luricl/Documents/UnB/PIBIC/code/lab_samples_logistics/mission/install/rome_bt/bin'
[5.661s] Level 1:colcon.colcon_core.environment:checking '/home/luricl/Documents/UnB/PIBIC/code/lab_samples_logistics/mission/install/rome_bt/lib/pkgconfig/rome_bt.pc'
[5.661s] Level 1:colcon.colcon_core.environment:checking '/home/luricl/Documents/UnB/PIBIC/code/lab_samples_logistics/mission/install/rome_bt/lib/python3.10/site-packages'
[5.661s] Level 1:colcon.colcon_core.environment:checking '/home/luricl/Documents/UnB/PIBIC/code/lab_samples_logistics/mission/install/rome_bt/bin'
[5.661s] INFO:colcon.colcon_core.shell:Creating package script '/home/luricl/Documents/UnB/PIBIC/code/lab_samples_logistics/mission/install/rome_bt/share/rome_bt/package.ps1'
[5.661s] INFO:colcon.colcon_core.shell:Creating package descriptor '/home/luricl/Documents/UnB/PIBIC/code/lab_samples_logistics/mission/install/rome_bt/share/rome_bt/package.dsv'
[5.662s] INFO:colcon.colcon_core.shell:Creating package script '/home/luricl/Documents/UnB/PIBIC/code/lab_samples_logistics/mission/install/rome_bt/share/rome_bt/package.sh'
[5.662s] INFO:colcon.colcon_core.shell:Creating package script '/home/luricl/Documents/UnB/PIBIC/code/lab_samples_logistics/mission/install/rome_bt/share/rome_bt/package.bash'
[5.662s] INFO:colcon.colcon_core.shell:Creating package script '/home/luricl/Documents/UnB/PIBIC/code/lab_samples_logistics/mission/install/rome_bt/share/rome_bt/package.zsh'
[5.662s] Level 1:colcon.colcon_core.environment:create_file_with_runtime_dependencies(/home/luricl/Documents/UnB/PIBIC/code/lab_samples_logistics/mission/install/rome_bt/share/colcon-core/packages/rome_bt)
[5.662s] DEBUG:colcon.colcon_parallel_executor.executor.parallel:closing loop
[5.663s] DEBUG:colcon.colcon_parallel_executor.executor.parallel:loop closed
[5.663s] DEBUG:colcon.colcon_parallel_executor.executor.parallel:run_until_complete finished with '0'
[5.663s] DEBUG:colcon.colcon_core.event_reactor:joining thread
[5.671s] INFO:colcon.colcon_core.plugin_system:Skipping extension 'colcon_notification.desktop_notification.notify_send': Could not find 'notify-send'
[5.671s] INFO:colcon.colcon_core.plugin_system:Skipping extension 'colcon_notification.desktop_notification.terminal_notifier': Not used on non-Darwin systems
[5.671s] INFO:colcon.colcon_core.plugin_system:Skipping extension 'colcon_notification.desktop_notification.win32': Not used on non-Windows systems
[5.671s] INFO:colcon.colcon_notification.desktop_notification:Sending desktop notification using 'notify2'
[5.685s] DEBUG:colcon.colcon_core.event_reactor:joined thread
[5.685s] INFO:colcon.colcon_core.shell:Creating prefix script '/home/luricl/Documents/UnB/PIBIC/code/lab_samples_logistics/mission/install/local_setup.ps1'
[5.686s] INFO:colcon.colcon_core.shell:Creating prefix util module '/home/luricl/Documents/UnB/PIBIC/code/lab_samples_logistics/mission/install/_local_setup_util_ps1.py'
[5.688s] INFO:colcon.colcon_core.shell:Creating prefix chain script '/home/luricl/Documents/UnB/PIBIC/code/lab_samples_logistics/mission/install/setup.ps1'
[5.689s] INFO:colcon.colcon_core.shell:Creating prefix script '/home/luricl/Documents/UnB/PIBIC/code/lab_samples_logistics/mission/install/local_setup.sh'
[5.690s] INFO:colcon.colcon_core.shell:Creating prefix util module '/home/luricl/Documents/UnB/PIBIC/code/lab_samples_logistics/mission/install/_local_setup_util_sh.py'
[5.690s] INFO:colcon.colcon_core.shell:Creating prefix chain script '/home/luricl/Documents/UnB/PIBIC/code/lab_samples_logistics/mission/install/setup.sh'
[5.691s] INFO:colcon.colcon_core.shell:Creating prefix script '/home/luricl/Documents/UnB/PIBIC/code/lab_samples_logistics/mission/install/local_setup.bash'
[5.692s] INFO:colcon.colcon_core.shell:Creating prefix chain script '/home/luricl/Documents/UnB/PIBIC/code/lab_samples_logistics/mission/install/setup.bash'
[5.693s] INFO:colcon.colcon_core.shell:Creating prefix script '/home/luricl/Documents/UnB/PIBIC/code/lab_samples_logistics/mission/install/local_setup.zsh'
[5.694s] INFO:colcon.colcon_core.shell:Creating prefix chain script '/home/luricl/Documents/UnB/PIBIC/code/lab_samples_logistics/mission/install/setup.zsh'
