[0.178s] DEBUG:colcon:Command line arguments: ['/usr/local/bin/colcon', 'build']
[0.178s] DEBUG:colcon:Parsed command line arguments: Namespace(log_base=None, log_level=None, verb_name='build', build_base='build', install_base='install', merge_install=False, symlink_install=False, test_result_base=None, continue_on_error=False, executor='parallel', parallel_workers=12, event_handlers=None, ignore_user_meta=False, metas=['./colcon.meta'], base_paths=['.'], packages_ignore=None, packages_ignore_regex=None, paths=None, packages_up_to=None, packages_up_to_regex=None, packages_above=None, packages_above_and_dependencies=None, packages_above_depth=None, packages_select_by_dep=None, packages_skip_by_dep=None, packages_skip_up_to=None, packages_select_build_failed=False, packages_skip_build_finished=False, packages_select_test_failures=False, packages_skip_test_passed=False, packages_select=None, packages_skip=None, packages_select_regex=None, packages_skip_regex=None, packages_start=None, packages_end=None, cmake_args=None, cmake_target=None, cmake_target_skip_unavailable=False, cmake_clean_cache=False, cmake_clean_first=False, cmake_force_configure=False, ament_cmake_args=None, catkin_cmake_args=None, catkin_skip_building_tests=False, verb_parser=<colcon_defaults.argument_parser.defaults.DefaultArgumentsDecorator object at 0x76f50df2c880>, verb_extension=<colcon_core.verb.build.BuildVerb object at 0x76f50df2c340>, main=<bound method BuildVerb.main of <colcon_core.verb.build.BuildVerb object at 0x76f50df2c340>>)
[0.334s] Level 1:colcon.colcon_core.package_discovery:discover_packages(colcon_meta) check parameters
[0.334s] Level 1:colcon.colcon_core.package_discovery:discover_packages(recursive) check parameters
[0.334s] Level 1:colcon.colcon_core.package_discovery:discover_packages(ignore) check parameters
[0.334s] Level 1:colcon.colcon_core.package_discovery:discover_packages(path) check parameters
[0.334s] Level 1:colcon.colcon_core.package_discovery:discover_packages(colcon_meta) discover
[0.334s] Level 1:colcon.colcon_core.package_discovery:discover_packages(recursive) discover
[0.334s] INFO:colcon.colcon_core.package_discovery:Crawling recursively for packages in '/home/luricl/Documents/UnB/PIBIC/code/lab_samples_logistics/mission'
[0.334s] Level 1:colcon.colcon_core.package_identification:_identify(.) by extensions ['ignore', 'ignore_ament_install']
[0.334s] Level 1:colcon.colcon_core.package_identification:_identify(.) by extension 'ignore'
[0.335s] Level 1:colcon.colcon_core.package_identification:_identify(.) by extension 'ignore_ament_install'
[0.335s] Level 1:colcon.colcon_core.package_identification:_identify(.) by extensions ['colcon_pkg']
[0.335s] Level 1:colcon.colcon_core.package_identification:_identify(.) by extension 'colcon_pkg'
[0.335s] Level 1:colcon.colcon_core.package_identification:_identify(.) by extensions ['colcon_meta']
[0.335s] Level 1:colcon.colcon_core.package_identification:_identify(.) by extension 'colcon_meta'
[0.335s] Level 1:colcon.colcon_core.package_identification:_identify(.) by extensions ['ros']
[0.335s] Level 1:colcon.colcon_core.package_identification:_identify(.) by extension 'ros'
[0.342s] Level 1:colcon.colcon_core.package_identification:_identify(.) by extensions ['cmake', 'python']
[0.343s] Level 1:colcon.colcon_core.package_identification:_identify(.) by extension 'cmake'
[0.343s] Level 1:colcon.colcon_core.package_identification:_identify(.) by extension 'python'
[0.343s] Level 1:colcon.colcon_core.package_identification:_identify(.) by extensions ['python_setup_py']
[0.343s] Level 1:colcon.colcon_core.package_identification:_identify(.) by extension 'python_setup_py'
[0.343s] Level 1:colcon.colcon_core.package_identification:_identify(build) by extensions ['ignore', 'ignore_ament_install']
[0.343s] Level 1:colcon.colcon_core.package_identification:_identify(build) by extension 'ignore'
[0.343s] Level 1:colcon.colcon_core.package_identification:_identify(build) ignored
[0.343s] Level 1:colcon.colcon_core.package_identification:_identify(install) by extensions ['ignore', 'ignore_ament_install']
[0.343s] Level 1:colcon.colcon_core.package_identification:_identify(install) by extension 'ignore'
[0.343s] Level 1:colcon.colcon_core.package_identification:_identify(install) ignored
[0.343s] Level 1:colcon.colcon_core.package_identification:_identify(log) by extensions ['ignore', 'ignore_ament_install']
[0.343s] Level 1:colcon.colcon_core.package_identification:_identify(log) by extension 'ignore'
[0.343s] Level 1:colcon.colcon_core.package_identification:_identify(log) ignored
[0.343s] Level 1:colcon.colcon_core.package_identification:_identify(rome_bt) by extensions ['ignore', 'ignore_ament_install']
[0.343s] Level 1:colcon.colcon_core.package_identification:_identify(rome_bt) by extension 'ignore'
[0.343s] Level 1:colcon.colcon_core.package_identification:_identify(rome_bt) by extension 'ignore_ament_install'
[0.343s] Level 1:colcon.colcon_core.package_identification:_identify(rome_bt) by extensions ['colcon_pkg']
[0.343s] Level 1:colcon.colcon_core.package_identification:_identify(rome_bt) by extension 'colcon_pkg'
[0.343s] Level 1:colcon.colcon_core.package_identification:_identify(rome_bt) by extensions ['colcon_meta']
[0.343s] Level 1:colcon.colcon_core.package_identification:_identify(rome_bt) by extension 'colcon_meta'
[0.343s] Level 1:colcon.colcon_core.package_identification:_identify(rome_bt) by extensions ['ros']
[0.343s] Level 1:colcon.colcon_core.package_identification:_identify(rome_bt) by extension 'ros'
[0.345s] DEBUG:colcon.colcon_core.package_identification:Package 'rome_bt' with type 'ros.ament_cmake' and name 'rome_bt'
[0.345s] Level 1:colcon.colcon_core.package_identification:_identify(rome_sim) by extensions ['ignore', 'ignore_ament_install']
[0.346s] Level 1:colcon.colcon_core.package_identification:_identify(rome_sim) by extension 'ignore'
[0.346s] Level 1:colcon.colcon_core.package_identification:_identify(rome_sim) by extension 'ignore_ament_install'
[0.346s] Level 1:colcon.colcon_core.package_identification:_identify(rome_sim) by extensions ['colcon_pkg']
[0.346s] Level 1:colcon.colcon_core.package_identification:_identify(rome_sim) by extension 'colcon_pkg'
[0.346s] Level 1:colcon.colcon_core.package_identification:_identify(rome_sim) by extensions ['colcon_meta']
[0.346s] Level 1:colcon.colcon_core.package_identification:_identify(rome_sim) by extension 'colcon_meta'
[0.346s] Level 1:colcon.colcon_core.package_identification:_identify(rome_sim) by extensions ['ros']
[0.346s] Level 1:colcon.colcon_core.package_identification:_identify(rome_sim) by extension 'ros'
[0.346s] DEBUG:colcon.colcon_core.package_identification:Package 'rome_sim' with type 'ros.ament_python' and name 'rome_sim'
[0.346s] Level 1:colcon.colcon_core.package_discovery:discover_packages(recursive) using defaults
[0.346s] Level 1:colcon.colcon_core.package_discovery:discover_packages(ignore) discover
[0.346s] Level 1:colcon.colcon_core.package_discovery:discover_packages(ignore) using defaults
[0.346s] Level 1:colcon.colcon_core.package_discovery:discover_packages(path) discover
[0.346s] Level 1:colcon.colcon_core.package_discovery:discover_packages(path) using defaults
[0.370s] Level 5:colcon.colcon_core.verb:set package 'rome_bt' build argument 'cmake_args' from command line to 'None'
[0.370s] Level 5:colcon.colcon_core.verb:set package 'rome_bt' build argument 'cmake_target' from command line to 'None'
[0.370s] Level 5:colcon.colcon_core.verb:set package 'rome_bt' build argument 'cmake_target_skip_unavailable' from command line to 'False'
[0.370s] Level 5:colcon.colcon_core.verb:set package 'rome_bt' build argument 'cmake_clean_cache' from command line to 'False'
[0.370s] Level 5:colcon.colcon_core.verb:set package 'rome_bt' build argument 'cmake_clean_first' from command line to 'False'
[0.370s] Level 5:colcon.colcon_core.verb:set package 'rome_bt' build argument 'cmake_force_configure' from command line to 'False'
[0.370s] Level 5:colcon.colcon_core.verb:set package 'rome_bt' build argument 'ament_cmake_args' from command line to 'None'
[0.370s] Level 5:colcon.colcon_core.verb:set package 'rome_bt' build argument 'catkin_cmake_args' from command line to 'None'
[0.370s] Level 5:colcon.colcon_core.verb:set package 'rome_bt' build argument 'catkin_skip_building_tests' from command line to 'False'
[0.370s] DEBUG:colcon.colcon_core.verb:Building package 'rome_bt' with the following arguments: {'ament_cmake_args': None, 'build_base': '/home/luricl/Documents/UnB/PIBIC/code/lab_samples_logistics/mission/build/rome_bt', 'catkin_cmake_args': None, 'catkin_skip_building_tests': False, 'cmake_args': None, 'cmake_clean_cache': False, 'cmake_clean_first': False, 'cmake_force_configure': False, 'cmake_target': None, 'cmake_target_skip_unavailable': False, 'install_base': '/home/luricl/Documents/UnB/PIBIC/code/lab_samples_logistics/mission/install/rome_bt', 'merge_install': False, 'path': '/home/luricl/Documents/UnB/PIBIC/code/lab_samples_logistics/mission/rome_bt', 'symlink_install': False, 'test_result_base': None}
[0.370s] Level 5:colcon.colcon_core.verb:set package 'rome_sim' build argument 'cmake_args' from command line to 'None'
[0.370s] Level 5:colcon.colcon_core.verb:set package 'rome_sim' build argument 'cmake_target' from command line to 'None'
[0.370s] Level 5:colcon.colcon_core.verb:set package 'rome_sim' build argument 'cmake_target_skip_unavailable' from command line to 'False'
[0.370s] Level 5:colcon.colcon_core.verb:set package 'rome_sim' build argument 'cmake_clean_cache' from command line to 'False'
[0.370s] Level 5:colcon.colcon_core.verb:set package 'rome_sim' build argument 'cmake_clean_first' from command line to 'False'
[0.370s] Level 5:colcon.colcon_core.verb:set package 'rome_sim' build argument 'cmake_force_configure' from command line to 'False'
[0.370s] Level 5:colcon.colcon_core.verb:set package 'rome_sim' build argument 'ament_cmake_args' from command line to 'None'
[0.370s] Level 5:colcon.colcon_core.verb:set package 'rome_sim' build argument 'catkin_cmake_args' from command line to 'None'
[0.370s] Level 5:colcon.colcon_core.verb:set package 'rome_sim' build argument 'catkin_skip_building_tests' from command line to 'False'
[0.370s] DEBUG:colcon.colcon_core.verb:Building package 'rome_sim' with the following arguments: {'ament_cmake_args': None, 'build_base': '/home/luricl/Documents/UnB/PIBIC/code/lab_samples_logistics/mission/build/rome_sim', 'catkin_cmake_args': None, 'catkin_skip_building_tests': False, 'cmake_args': None, 'cmake_clean_cache': False, 'cmake_clean_first': False, 'cmake_force_configure': False, 'cmake_target': None, 'cmake_target_skip_unavailable': False, 'install_base': '/home/luricl/Documents/UnB/PIBIC/code/lab_samples_logistics/mission/install/rome_sim', 'merge_install': False, 'path': '/home/luricl/Documents/UnB/PIBIC/code/lab_samples_logistics/mission/rome_sim', 'symlink_install': False, 'test_result_base': None}
[0.370s] INFO:colcon.colcon_core.executor:Executing jobs using 'parallel' executor
[0.371s] DEBUG:colcon.colcon_parallel_executor.executor.parallel:run_until_complete
[0.371s] INFO:colcon.colcon_ros.task.ament_cmake.build:Building ROS package in '/home/luricl/Documents/UnB/PIBIC/code/lab_samples_logistics/mission/rome_bt' with build type 'ament_cmake'
[0.371s] INFO:colcon.colcon_cmake.task.cmake.build:Building CMake package in '/home/luricl/Documents/UnB/PIBIC/code/lab_samples_logistics/mission/rome_bt'
[0.374s] INFO:colcon.colcon_core.plugin_system:Skipping extension 'colcon_core.shell.bat': Not used on non-Windows systems
[0.374s] INFO:colcon.colcon_core.shell:Skip shell extension 'powershell' for command environment: Not usable outside of PowerShell
[0.374s] DEBUG:colcon.colcon_core.shell:Skip shell extension 'dsv' for command environment
[0.378s] INFO:colcon.colcon_ros.task.ament_python.build:Building ROS package in '/home/luricl/Documents/UnB/PIBIC/code/lab_samples_logistics/mission/rome_sim' with build type 'ament_python'
[0.378s] Level 1:colcon.colcon_core.shell:create_environment_hook('rome_sim', 'ament_prefix_path')
[0.378s] INFO:colcon.colcon_core.shell:Creating environment hook '/home/luricl/Documents/UnB/PIBIC/code/lab_samples_logistics/mission/install/rome_sim/share/rome_sim/hook/ament_prefix_path.ps1'
[0.379s] INFO:colcon.colcon_core.shell:Creating environment descriptor '/home/luricl/Documents/UnB/PIBIC/code/lab_samples_logistics/mission/install/rome_sim/share/rome_sim/hook/ament_prefix_path.dsv'
[0.379s] INFO:colcon.colcon_core.shell:Creating environment hook '/home/luricl/Documents/UnB/PIBIC/code/lab_samples_logistics/mission/install/rome_sim/share/rome_sim/hook/ament_prefix_path.sh'
[0.380s] INFO:colcon.colcon_core.shell:Skip shell extension 'powershell' for command environment: Not usable outside of PowerShell
[0.380s] DEBUG:colcon.colcon_core.shell:Skip shell extension 'dsv' for command environment
[0.385s] DEBUG:colcon.colcon_core.event_handler.log_command:Invoking command in '/home/luricl/Documents/UnB/PIBIC/code/lab_samples_logistics/mission/build/rome_bt': CMAKE_PREFIX_PATH=/opt/ros/humble /usr/bin/cmake --build /home/luricl/Documents/UnB/PIBIC/code/lab_samples_logistics/mission/build/rome_bt -- -j12 -l12
[0.563s] INFO:colcon.colcon_core.task.python.build:Building Python package in '/home/luricl/Documents/UnB/PIBIC/code/lab_samples_logistics/mission/rome_sim'
[0.563s] INFO:colcon.colcon_core.shell:Skip shell extension 'powershell' for command environment: Not usable outside of PowerShell
[0.563s] DEBUG:colcon.colcon_core.shell:Skip shell extension 'dsv' for command environment
[0.761s] DEBUG:colcon.colcon_core.event_handler.log_command:Invoked command in '/home/luricl/Documents/UnB/PIBIC/code/lab_samples_logistics/mission/build/rome_bt' returned '2': CMAKE_PREFIX_PATH=/opt/ros/humble /usr/bin/cmake --build /home/luricl/Documents/UnB/PIBIC/code/lab_samples_logistics/mission/build/rome_bt -- -j12 -l12
[0.780s] Level 1:colcon.colcon_core.environment:create_environment_scripts_only(rome_bt)
[0.784s] Level 1:colcon.colcon_core.environment:checking '/home/luricl/Documents/UnB/PIBIC/code/lab_samples_logistics/mission/install/rome_bt' for CMake module files
[0.784s] Level 1:colcon.colcon_core.environment:checking '/home/luricl/Documents/UnB/PIBIC/code/lab_samples_logistics/mission/install/rome_bt' for CMake config files
[0.784s] Level 1:colcon.colcon_core.shell:create_environment_hook('rome_bt', 'cmake_prefix_path')
[0.784s] INFO:colcon.colcon_core.shell:Creating environment hook '/home/luricl/Documents/UnB/PIBIC/code/lab_samples_logistics/mission/install/rome_bt/share/rome_bt/hook/cmake_prefix_path.ps1'
[0.785s] INFO:colcon.colcon_core.shell:Creating environment descriptor '/home/luricl/Documents/UnB/PIBIC/code/lab_samples_logistics/mission/install/rome_bt/share/rome_bt/hook/cmake_prefix_path.dsv'
[0.785s] INFO:colcon.colcon_core.shell:Creating environment hook '/home/luricl/Documents/UnB/PIBIC/code/lab_samples_logistics/mission/install/rome_bt/share/rome_bt/hook/cmake_prefix_path.sh'
[0.785s] Level 1:colcon.colcon_core.environment:checking '/home/luricl/Documents/UnB/PIBIC/code/lab_samples_logistics/mission/install/rome_bt/lib'
[0.785s] Level 1:colcon.colcon_core.environment:checking '/home/luricl/Documents/UnB/PIBIC/code/lab_samples_logistics/mission/install/rome_bt/bin'
[0.785s] Level 1:colcon.colcon_core.environment:checking '/home/luricl/Documents/UnB/PIBIC/code/lab_samples_logistics/mission/install/rome_bt/lib/pkgconfig/rome_bt.pc'
[0.786s] Level 1:colcon.colcon_core.environment:checking '/home/luricl/Documents/UnB/PIBIC/code/lab_samples_logistics/mission/install/rome_bt/lib/python3.10/site-packages'
[0.786s] Level 1:colcon.colcon_core.environment:checking '/home/luricl/Documents/UnB/PIBIC/code/lab_samples_logistics/mission/install/rome_bt/bin'
[0.786s] INFO:colcon.colcon_core.shell:Creating package script '/home/luricl/Documents/UnB/PIBIC/code/lab_samples_logistics/mission/install/rome_bt/share/rome_bt/package.ps1'
[0.786s] INFO:colcon.colcon_core.shell:Creating package descriptor '/home/luricl/Documents/UnB/PIBIC/code/lab_samples_logistics/mission/install/rome_bt/share/rome_bt/package.dsv'
[0.787s] INFO:colcon.colcon_core.shell:Creating package script '/home/luricl/Documents/UnB/PIBIC/code/lab_samples_logistics/mission/install/rome_bt/share/rome_bt/package.sh'
[0.787s] INFO:colcon.colcon_core.shell:Creating package script '/home/luricl/Documents/UnB/PIBIC/code/lab_samples_logistics/mission/install/rome_bt/share/rome_bt/package.bash'
[0.788s] INFO:colcon.colcon_core.shell:Creating package script '/home/luricl/Documents/UnB/PIBIC/code/lab_samples_logistics/mission/install/rome_bt/share/rome_bt/package.zsh'
[0.789s] Level 1:colcon.colcon_core.environment:create_file_with_runtime_dependencies(/home/luricl/Documents/UnB/PIBIC/code/lab_samples_logistics/mission/install/rome_bt/share/colcon-core/packages/rome_bt)
[0.836s] DEBUG:colcon.colcon_parallel_executor.executor.parallel:closing loop
[0.837s] DEBUG:colcon.colcon_parallel_executor.executor.parallel:loop closed
[0.837s] DEBUG:colcon.colcon_parallel_executor.executor.parallel:run_until_complete finished with '2'
[0.837s] DEBUG:colcon.colcon_core.event_reactor:joining thread
[0.841s] INFO:colcon.colcon_core.plugin_system:Skipping extension 'colcon_notification.desktop_notification.notify_send': Could not find 'notify-send'
[0.841s] INFO:colcon.colcon_core.plugin_system:Skipping extension 'colcon_notification.desktop_notification.terminal_notifier': Not used on non-Darwin systems
[0.841s] INFO:colcon.colcon_core.plugin_system:Skipping extension 'colcon_notification.desktop_notification.win32': Not used on non-Windows systems
[0.841s] INFO:colcon.colcon_notification.desktop_notification:Sending desktop notification using 'notify2'
[0.853s] DEBUG:colcon.colcon_core.event_reactor:joined thread
[0.854s] INFO:colcon.colcon_core.shell:Creating prefix script '/home/luricl/Documents/UnB/PIBIC/code/lab_samples_logistics/mission/install/local_setup.ps1'
[0.854s] INFO:colcon.colcon_core.shell:Creating prefix util module '/home/luricl/Documents/UnB/PIBIC/code/lab_samples_logistics/mission/install/_local_setup_util_ps1.py'
[0.855s] INFO:colcon.colcon_core.shell:Creating prefix chain script '/home/luricl/Documents/UnB/PIBIC/code/lab_samples_logistics/mission/install/setup.ps1'
[0.856s] INFO:colcon.colcon_core.shell:Creating prefix script '/home/luricl/Documents/UnB/PIBIC/code/lab_samples_logistics/mission/install/local_setup.sh'
[0.856s] INFO:colcon.colcon_core.shell:Creating prefix util module '/home/luricl/Documents/UnB/PIBIC/code/lab_samples_logistics/mission/install/_local_setup_util_sh.py'
[0.856s] INFO:colcon.colcon_core.shell:Creating prefix chain script '/home/luricl/Documents/UnB/PIBIC/code/lab_samples_logistics/mission/install/setup.sh'
[0.857s] INFO:colcon.colcon_core.shell:Creating prefix script '/home/luricl/Documents/UnB/PIBIC/code/lab_samples_logistics/mission/install/local_setup.bash'
[0.857s] INFO:colcon.colcon_core.shell:Creating prefix chain script '/home/luricl/Documents/UnB/PIBIC/code/lab_samples_logistics/mission/install/setup.bash'
[0.858s] INFO:colcon.colcon_core.shell:Creating prefix script '/home/luricl/Documents/UnB/PIBIC/code/lab_samples_logistics/mission/install/local_setup.zsh'
[0.858s] INFO:colcon.colcon_core.shell:Creating prefix chain script '/home/luricl/Documents/UnB/PIBIC/code/lab_samples_logistics/mission/install/setup.zsh'
